 org.nuxeo.shell:nuxeo-shell-ejb-distribution:5.4.3-SNAPSHOT:zip:
  |-- org.nuxeo.runtime:nuxeo-runtime-osgi:5.4.3-SNAPSHOT:jar:
  |--  |-- org.nuxeo.common:nuxeo-common:5.4.3-SNAPSHOT:jar:
  |--  |--  |-- xerces:xercesImpl:2.9.1:jar:
  |--  |--  |-- org.osgi:osgi-core:4.1:jar:
  |--  |--  |-- commons-io:commons-io:1.4:jar:
  |--  |--  |-- commons-lang:commons-lang:2.3:jar:
  |--  |--  |-- commons-collections:commons-collections:3.1:jar:
  |--  |--  |-- commons-logging:commons-logging:1.1:jar:
  |--  |--  |--  |-- log4j:log4j:1.2.12:jar:
  |--  |--  |--  |-- logkit:logkit:1.0.1:jar:
  |--  |--  |--  |-- avalon-framework:avalon-framework:4.1.3:jar:
  |--  |--  |--  |-- javax.servlet:servlet-api:2.3:jar:
  |--  |--  |--  |-- log4j:log4j:1.2.12:jar:
  |--  |--  |--  |-- logkit:logkit:1.0.1:jar:
  |--  |--  |--  |-- avalon-framework:avalon-framework:4.1.3:jar:
  |--  |--  |--  |-- javax.servlet:servlet-api:2.3:jar:
  |--  |--  |--  |-- log4j:log4j:1.2.12:jar:
  |--  |--  |--  |-- logkit:logkit:1.0.1:jar:
  |--  |--  |--  |-- avalon-framework:avalon-framework:4.1.3:jar:
  |--  |--  |--  |-- javax.servlet:servlet-api:2.3:jar:
  |--  |--  |--  |-- log4j:log4j:1.2.12:jar:
  |--  |--  |--  |-- logkit:logkit:1.0.1:jar:
  |--  |--  |--  |-- avalon-framework:avalon-framework:4.1.3:jar:
  |--  |--  |--  |-- javax.servlet:servlet-api:2.3:jar:
  |--  |--  |--  |-- log4j:log4j:1.2.12:jar:
  |--  |--  |--  |-- logkit:logkit:1.0.1:jar:
  |--  |--  |--  |-- avalon-framework:avalon-framework:4.1.3:jar:
  |--  |--  |--  |-- javax.servlet:servlet-api:2.3:jar:
  |--  |--  |--  |-- log4j:log4j:1.2.12:jar:
  |--  |--  |--  |-- logkit:logkit:1.0.1:jar:
  |--  |--  |--  |-- avalon-framework:avalon-framework:4.1.3:jar:
  |--  |--  |--  |-- javax.servlet:servlet-api:2.3:jar:
  |--  |--  |-- xerces:xercesImpl:2.9.1:jar:
  |--  |--  |-- org.osgi:osgi-core:4.1:jar:
  |--  |--  |-- commons-io:commons-io:1.4:jar:
  |--  |--  |-- commons-lang:commons-lang:2.3:jar:
  |--  |--  |-- commons-collections:commons-collections:3.1:jar:
  |--  |--  |-- commons-logging:commons-logging:1.1:jar:
  |--  |--  |-- xerces:xercesImpl:2.9.1:jar:
  |--  |--  |-- org.osgi:osgi-core:4.1:jar:
  |--  |--  |-- commons-io:commons-io:1.4:jar:
  |--  |--  |-- commons-lang:commons-lang:2.3:jar:
  |--  |--  |-- commons-collections:commons-collections:3.1:jar:
  |--  |--  |-- commons-logging:commons-logging:1.1:jar:
  |--  |--  |-- xerces:xercesImpl:2.9.1:jar:
  |--  |--  |-- org.osgi:osgi-core:4.1:jar:
  |--  |--  |-- commons-io:commons-io:1.4:jar:
  |--  |--  |-- commons-lang:commons-lang:2.3:jar:
  |--  |--  |-- commons-collections:commons-collections:3.1:jar:
  |--  |--  |-- commons-logging:commons-logging:1.1:jar:
  |--  |--  |-- xerces:xercesImpl:2.9.1:jar:
  |--  |--  |-- org.osgi:osgi-core:4.1:jar:
  |--  |--  |-- commons-io:commons-io:1.4:jar:
  |--  |--  |-- commons-lang:commons-lang:2.3:jar:
  |--  |--  |-- commons-collections:commons-collections:3.1:jar:
  |--  |--  |-- commons-logging:commons-logging:1.1:jar:
  |--  |--  |-- xerces:xercesImpl:2.9.1:jar:
  |--  |--  |-- org.osgi:osgi-core:4.1:jar:
  |--  |--  |-- commons-io:commons-io:1.4:jar:
  |--  |--  |-- commons-lang:commons-lang:2.3:jar:
  |--  |--  |-- commons-collections:commons-collections:3.1:jar:
  |--  |--  |-- commons-logging:commons-logging:1.1:jar:
  |--  |-- org.osgi:osgi-core:4.1:jar:
  |--  |-- commons-logging:commons-logging:1.1:jar:
  |--  |-- org.nuxeo.common:nuxeo-common:5.4.3-SNAPSHOT:jar:
  |--  |-- org.osgi:osgi-core:4.1:jar:
  |--  |-- commons-logging:commons-logging:1.1:jar:
  |--  |-- org.nuxeo.common:nuxeo-common:5.4.3-SNAPSHOT:jar:
  |--  |-- org.osgi:osgi-core:4.1:jar:
  |--  |-- commons-logging:commons-logging:1.1:jar:
  |--  |-- org.nuxeo.common:nuxeo-common:5.4.3-SNAPSHOT:jar:
  |--  |-- org.osgi:osgi-core:4.1:jar:
  |--  |-- commons-logging:commons-logging:1.1:jar:
  |-- org.nuxeo.runtime:nuxeo-runtime-remoting:5.4.3-SNAPSHOT:jar:
  |--  |-- org.nuxeo.common:nuxeo-common:5.4.3-SNAPSHOT:jar:
  |--  |-- org.nuxeo.runtime:nuxeo-runtime:5.4.3-SNAPSHOT:jar:
  |--  |--  |-- org.nuxeo.common:nuxeo-common:5.4.3-SNAPSHOT:jar:
  |--  |--  |-- javax.transaction:jta:1.1:jar:
  |--  |--  |-- org.osgi:osgi-core:4.1:jar:
  |--  |--  |-- commons-jexl:commons-jexl:1.1:jar:
  |--  |--  |-- commons-io:commons-io:1.4:jar:
  |--  |--  |-- xerces:xercesImpl:2.9.1:jar:
  |--  |--  |-- commons-logging:commons-logging:1.1:jar:
  |--  |--  |-- org.nuxeo.common:nuxeo-common:5.4.3-SNAPSHOT:jar:
  |--  |--  |-- javax.transaction:jta:1.1:jar:
  |--  |--  |-- org.osgi:osgi-core:4.1:jar:
  |--  |--  |-- commons-jexl:commons-jexl:1.1:jar:
  |--  |--  |-- commons-io:commons-io:1.4:jar:
  |--  |--  |-- xerces:xercesImpl:2.9.1:jar:
  |--  |--  |-- commons-logging:commons-logging:1.1:jar:
  |--  |--  |-- org.nuxeo.common:nuxeo-common:5.4.3-SNAPSHOT:jar:
  |--  |--  |-- javax.transaction:jta:1.1:jar:
  |--  |--  |-- org.osgi:osgi-core:4.1:jar:
  |--  |--  |-- commons-jexl:commons-jexl:1.1:jar:
  |--  |--  |-- commons-io:commons-io:1.4:jar:
  |--  |--  |-- xerces:xercesImpl:2.9.1:jar:
  |--  |--  |-- commons-logging:commons-logging:1.1:jar:
  |--  |-- org.osgi:osgi-core:4.1:jar:
  |--  |-- org.jboss.jbossas:jboss-as-jbossas-remoting:5.1.0.GA:jar:
  |--  |--  |-- org.jboss.aop:jboss-aop:2.1.1.GA:jar:
  |--  |--  |--  |-- apache-xerces:xml-apis:2.9.1:jar:
  |--  |--  |--  |-- org.apache.ant:ant:1.7.0:jar:
  |--  |--  |--  |--  |-- org.apache.ant:ant-launcher:1.7.0:jar:
  |--  |--  |--  |--  |-- org.apache.ant:ant-launcher:1.7.0:jar:
  |--  |--  |--  |-- javassist:javassist:3.10.0.GA:jar:
  |--  |--  |--  |-- org.jboss:jboss-reflect:2.0.2.GA:jar:
  |--  |--  |--  |--  |-- org.jboss.logging:jboss-logging-spi:2.0.5.GA:jar:
  |--  |--  |--  |--  |-- org.jboss:jboss-common-core:2.2.8.GA:jar:
  |--  |--  |--  |--  |--  |-- org.jboss.logging:jboss-logging-spi:2.0.5.GA:jar:
  |--  |--  |--  |--  |--  |-- org.jboss.logging:jboss-logging-spi:2.0.5.GA:jar:
  |--  |--  |--  |--  |--  |-- org.jboss.logging:jboss-logging-spi:2.0.5.GA:jar:
  |--  |--  |--  |--  |--  |-- org.jboss.logging:jboss-logging-spi:2.0.5.GA:jar:
  |--  |--  |--  |--  |--  |-- org.jboss.logging:jboss-logging-spi:2.0.5.GA:jar:
  |--  |--  |--  |--  |--  |-- org.jboss.logging:jboss-logging-spi:2.0.5.GA:jar:
  |--  |--  |--  |--  |--  |-- org.jboss.logging:jboss-logging-spi:2.0.5.GA:jar:
  |--  |--  |--  |--  |--  |-- org.jboss.logging:jboss-logging-spi:2.0.5.GA:jar:
  |--  |--  |--  |--  |--  |-- org.jboss.logging:jboss-logging-spi:2.0.5.GA:jar:
  |--  |--  |--  |--  |--  |-- org.jboss.logging:jboss-logging-spi:2.0.5.GA:jar:
  |--  |--  |--  |--  |-- org.jboss.logging:jboss-logging-spi:2.0.5.GA:jar:
  |--  |--  |--  |--  |-- org.jboss:jboss-common-core:2.2.8.GA:jar:
  |--  |--  |--  |--  |-- org.jboss.logging:jboss-logging-spi:2.0.5.GA:jar:
  |--  |--  |--  |--  |-- org.jboss:jboss-common-core:2.2.8.GA:jar:
  |--  |--  |--  |--  |-- org.jboss.logging:jboss-logging-spi:2.0.5.GA:jar:
  |--  |--  |--  |--  |-- org.jboss:jboss-common-core:2.2.8.GA:jar:
  |--  |--  |--  |--  |-- org.jboss.logging:jboss-logging-spi:2.0.5.GA:jar:
  |--  |--  |--  |--  |-- org.jboss:jboss-common-core:2.2.8.GA:jar:
  |--  |--  |--  |--  |-- org.jboss.logging:jboss-logging-spi:2.0.5.GA:jar:
  |--  |--  |--  |--  |-- org.jboss:jboss-common-core:2.2.8.GA:jar:
  |--  |--  |--  |--  |-- org.jboss.logging:jboss-logging-spi:2.0.5.GA:jar:
  |--  |--  |--  |--  |-- org.jboss:jboss-common-core:2.2.8.GA:jar:
  |--  |--  |--  |--  |-- org.jboss.logging:jboss-logging-spi:2.0.5.GA:jar:
  |--  |--  |--  |--  |-- org.jboss:jboss-common-core:2.2.8.GA:jar:
  |--  |--  |--  |--  |-- org.jboss.logging:jboss-logging-spi:2.0.5.GA:jar:
  |--  |--  |--  |--  |-- org.jboss:jboss-common-core:2.2.8.GA:jar:
  |--  |--  |--  |--  |-- org.jboss.logging:jboss-logging-spi:2.0.5.GA:jar:
  |--  |--  |--  |--  |-- org.jboss:jboss-common-core:2.2.8.GA:jar:
  |--  |--  |--  |-- org.jboss:jboss-mdr:2.0.1.GA:jar:
  |--  |--  |--  |--  |-- org.jboss:jboss-reflect:2.0.0.GA:jar:
  |--  |--  |--  |--  |--  |-- org.jboss.logging:jboss-logging-spi:2.0.5.GA:jar:
  |--  |--  |--  |--  |--  |-- org.jboss.logging:jboss-logging-spi:2.0.5.GA:jar:
  |--  |--  |--  |--  |--  |-- org.jboss:jboss-common-core:2.2.8.GA:jar:
  |--  |--  |--  |--  |--  |-- org.jboss.logging:jboss-logging-spi:2.0.5.GA:jar:
  |--  |--  |--  |--  |--  |-- org.jboss.logging:jboss-logging-spi:2.0.5.GA:jar:
  |--  |--  |--  |--  |--  |-- org.jboss:jboss-common-core:2.2.8.GA:jar:
  |--  |--  |--  |--  |-- org.jboss.logging:jboss-logging-spi:2.0.5.GA:jar:
  |--  |--  |--  |--  |-- org.jboss:jboss-common-core:2.2.9.GA:jar:
  |--  |--  |--  |--  |--  |-- org.jboss.logging:jboss-logging-spi:2.0.5.GA:jar:
  |--  |--  |--  |--  |--  |-- org.jboss.logging:jboss-logging-spi:2.0.5.GA:jar:
  |--  |--  |--  |--  |--  |-- org.jboss.logging:jboss-logging-spi:2.0.5.GA:jar:
  |--  |--  |--  |--  |--  |-- org.jboss.logging:jboss-logging-spi:2.0.5.GA:jar:
  |--  |--  |--  |--  |--  |-- org.jboss.logging:jboss-logging-spi:2.0.5.GA:jar:
  |--  |--  |--  |--  |--  |-- org.jboss.logging:jboss-logging-spi:2.0.5.GA:jar:
  |--  |--  |--  |--  |--  |-- org.jboss.logging:jboss-logging-spi:2.0.5.GA:jar:
  |--  |--  |--  |--  |--  |-- org.jboss.logging:jboss-logging-spi:2.0.5.GA:jar:
  |--  |--  |--  |--  |-- org.jboss:jboss-reflect:2.0.0.GA:jar:
  |--  |--  |--  |--  |-- org.jboss.logging:jboss-logging-spi:2.0.5.GA:jar:
  |--  |--  |--  |--  |-- org.jboss:jboss-common-core:2.2.9.GA:jar:
  |--  |--  |--  |-- org.jboss:jboss-common-core:2.2.11.GA:jar:
  |--  |--  |--  |--  |-- org.jboss.logging:jboss-logging-spi:2.0.5.GA:jar:
  |--  |--  |--  |--  |-- org.jboss.logging:jboss-logging-spi:2.0.5.GA:jar:
  |--  |--  |--  |-- org.jboss.logging:jboss-logging-spi:2.0.5.GA:jar:
  |--  |--  |--  |-- qdox:qdox:1.6.1:jar:
  |--  |--  |--  |-- trove:trove:2.1.1:jar:
  |--  |--  |--  |-- log4j:log4j:1.2.14:jar:
  |--  |--  |--  |-- org.jboss.logging:jboss-logging-log4j:2.0.5.GA:jar:
  |--  |--  |--  |--  |-- org.jboss.logging:jboss-logging-spi:2.0.5.GA:jar:
  |--  |--  |--  |--  |-- org.jboss.logging:jboss-logging-spi:2.0.5.GA:jar:
  |--  |--  |--  |-- apache-xerces:xml-apis:2.9.1:jar:
  |--  |--  |--  |-- org.apache.ant:ant:1.7.0:jar:
  |--  |--  |--  |-- javassist:javassist:3.10.0.GA:jar:
  |--  |--  |--  |-- org.jboss:jboss-reflect:2.0.2.GA:jar:
  |--  |--  |--  |-- org.jboss:jboss-mdr:2.0.1.GA:jar:
  |--  |--  |--  |-- org.jboss:jboss-common-core:2.2.11.GA:jar:
  |--  |--  |--  |-- org.jboss.logging:jboss-logging-spi:2.0.5.GA:jar:
  |--  |--  |--  |-- qdox:qdox:1.6.1:jar:
  |--  |--  |--  |-- trove:trove:2.1.1:jar:
  |--  |--  |--  |-- log4j:log4j:1.2.14:jar:
  |--  |--  |--  |-- org.jboss.logging:jboss-logging-log4j:2.0.5.GA:jar:
  |--  |--  |-- org.jboss.logging:jboss-logging-spi:2.1.0.GA:jar:
  |--  |--  |-- org.jboss.remoting:jboss-remoting:2.5.1:jar:
  |--  |--  |-- junit:junit:3.8.2:jar:
  |--  |--  |-- org.jboss.jbossas:jboss-as-j2se:5.1.0.GA:jar:
  |--  |--  |--  |-- org.jboss:jboss-common-core:2.2.14.GA:jar:
  |--  |--  |--  |--  |-- org.jboss.logging:jboss-logging-spi:2.0.5.GA:jar:
  |--  |--  |--  |--  |-- org.jboss.logging:jboss-logging-spi:2.0.5.GA:jar:
  |--  |--  |--  |-- oswego-concurrent:concurrent:1.3.4-jboss-update1:jar:
  |--  |--  |--  |-- org.jboss.integration:jboss-classloading-spi:5.1.0.GA:jar:
  |--  |--  |--  |--  |-- org.jboss:jboss-common-core:2.2.14.GA:jar:
  |--  |--  |--  |--  |-- org.jboss:jboss-common-core:2.2.14.GA:jar:
  |--  |--  |--  |-- org.jboss.logging:jboss-logging-spi:2.1.0.GA:jar:
  |--  |--  |--  |-- apache-xerces:xml-apis:2.9.1:jar:
  |--  |--  |--  |-- org.jboss:jboss-common-core:2.2.14.GA:jar:
  |--  |--  |--  |-- oswego-concurrent:concurrent:1.3.4-jboss-update1:jar:
  |--  |--  |--  |-- org.jboss.integration:jboss-classloading-spi:5.1.0.GA:jar:
  |--  |--  |--  |-- org.jboss.logging:jboss-logging-spi:2.1.0.GA:jar:
  |--  |--  |--  |-- apache-xerces:xml-apis:2.9.1:jar:
  |--  |--  |-- org.jboss.jbossas:jboss-as-security:5.1.0.GA:jar:
  |--  |--  |--  |-- javassist:javassist:3.9.0.GA:jar:
  |--  |--  |--  |-- org.jboss.security:jboss-security-spi:2.0.3.SP1:jar:
  |--  |--  |--  |-- org.jboss.security:jbosssx:2.0.3.SP1:jar:
  |--  |--  |--  |-- org.jboss:jboss-common-core:2.2.14.GA:jar:
  |--  |--  |--  |-- org.jboss.jbossas:jboss-as-system-jmx:5.1.0.GA:jar:
  |--  |--  |--  |--  |-- apache-xerces:xml-apis:2.9.1:jar:
  |--  |--  |--  |--  |-- org.jboss.logging:jboss-logging-spi:2.1.0.GA:jar:
  |--  |--  |--  |--  |-- org.jboss:jboss-common-core:2.2.14.GA:jar:
  |--  |--  |--  |--  |-- org.jboss:jboss-vfs:2.1.2.GA:jar:
  |--  |--  |--  |--  |--  |-- org.jboss:jboss-common-core:2.2.13.GA:jar:
  |--  |--  |--  |--  |--  |--  |-- org.jboss.logging:jboss-logging-spi:2.0.5.GA:jar:
  |--  |--  |--  |--  |--  |--  |-- org.jboss.logging:jboss-logging-spi:2.0.5.GA:jar:
  |--  |--  |--  |--  |--  |--  |-- org.jboss.logging:jboss-logging-spi:2.0.5.GA:jar:
  |--  |--  |--  |--  |--  |--  |-- org.jboss.logging:jboss-logging-spi:2.0.5.GA:jar:
  |--  |--  |--  |--  |--  |--  |-- org.jboss.logging:jboss-logging-spi:2.0.5.GA:jar:
  |--  |--  |--  |--  |--  |--  |-- org.jboss.logging:jboss-logging-spi:2.0.5.GA:jar:
  |--  |--  |--  |--  |--  |-- org.jboss.logging:jboss-logging-spi:2.0.5.GA:jar:
  |--  |--  |--  |--  |--  |-- org.jboss:jboss-common-core:2.2.13.GA:jar:
  |--  |--  |--  |--  |--  |-- org.jboss.logging:jboss-logging-spi:2.0.5.GA:jar:
  |--  |--  |--  |--  |--  |-- org.jboss:jboss-common-core:2.2.13.GA:jar:
  |--  |--  |--  |--  |--  |-- org.jboss.logging:jboss-logging-spi:2.0.5.GA:jar:
  |--  |--  |--  |--  |--  |-- org.jboss:jboss-common-core:2.2.13.GA:jar:
  |--  |--  |--  |--  |--  |-- org.jboss.logging:jboss-logging-spi:2.0.5.GA:jar:
  |--  |--  |--  |--  |-- org.jboss:jbossxb:2.0.1.GA:jar:
  |--  |--  |--  |--  |--  |-- org.jboss.logging:jboss-logging-spi:2.0.5.GA:jar:
  |--  |--  |--  |--  |--  |-- org.jboss:jboss-common-core:2.2.9.GA:jar:
  |--  |--  |--  |--  |--  |-- org.jboss:jboss-reflect:2.0.2.GA:jar:
  |--  |--  |--  |--  |--  |-- apache-xerces:xml-apis:2.9.1:jar:
  |--  |--  |--  |--  |--  |-- wutka-dtdparser:dtdparser121:1.2.1:jar:
  |--  |--  |--  |--  |--  |-- javax.activation:activation:1.1.1:jar:
  |--  |--  |--  |--  |--  |-- sun-jaxb:jaxb-api:2.1.9:jar:
  |--  |--  |--  |--  |--  |-- apache-xerces:xml-apis:2.9.1:jar:
  |--  |--  |--  |--  |--  |-- apache-xerces:xercesImpl:2.9.1:jar:
  |--  |--  |--  |--  |--  |-- wutka-dtdparser:dtdparser121:1.2.1:jar:
  |--  |--  |--  |--  |--  |-- javax.activation:activation:1.1.1:jar:
  |--  |--  |--  |--  |--  |-- sun-jaxb:jaxb-api:2.1.9:jar:
  |--  |--  |--  |--  |--  |-- org.jboss:jboss-reflect:2.0.2.GA:jar:
  |--  |--  |--  |--  |--  |-- apache-xerces:xml-apis:2.9.1:jar:
  |--  |--  |--  |--  |--  |-- apache-xerces:xercesImpl:2.9.1:jar:
  |--  |--  |--  |--  |--  |-- wutka-dtdparser:dtdparser121:1.2.1:jar:
  |--  |--  |--  |--  |--  |-- javax.activation:activation:1.1.1:jar:
  |--  |--  |--  |--  |--  |-- sun-jaxb:jaxb-api:2.1.9:jar:
  |--  |--  |--  |--  |--  |-- apache-xerces:xml-apis:2.9.1:jar:
  |--  |--  |--  |--  |--  |-- apache-xerces:xercesImpl:2.9.1:jar:
  |--  |--  |--  |--  |--  |-- wutka-dtdparser:dtdparser121:1.2.1:jar:
  |--  |--  |--  |--  |--  |-- javax.activation:activation:1.1.1:jar:
  |--  |--  |--  |--  |--  |-- sun-jaxb:jaxb-api:2.1.9:jar:
  |--  |--  |--  |--  |--  |-- org.jboss:jboss-reflect:2.0.2.GA:jar:
  |--  |--  |--  |--  |--  |-- apache-xerces:xml-apis:2.9.1:jar:
  |--  |--  |--  |--  |--  |-- apache-xerces:xercesImpl:2.9.1:jar:
  |--  |--  |--  |--  |--  |-- wutka-dtdparser:dtdparser121:1.2.1:jar:
  |--  |--  |--  |--  |--  |-- javax.activation:activation:1.1.1:jar:
  |--  |--  |--  |--  |--  |-- sun-jaxb:jaxb-api:2.1.9:jar:
  |--  |--  |--  |--  |--  |-- apache-xerces:xml-apis:2.9.1:jar:
  |--  |--  |--  |--  |--  |-- apache-xerces:xercesImpl:2.9.1:jar:
  |--  |--  |--  |--  |--  |-- wutka-dtdparser:dtdparser121:1.2.1:jar:
  |--  |--  |--  |--  |--  |-- javax.activation:activation:1.1.1:jar:
  |--  |--  |--  |--  |--  |-- sun-jaxb:jaxb-api:2.1.9:jar:
  |--  |--  |--  |--  |--  |-- org.jboss.logging:jboss-logging-spi:2.0.5.GA:jar:
  |--  |--  |--  |--  |--  |-- org.jboss:jboss-common-core:2.2.9.GA:jar:
  |--  |--  |--  |--  |--  |-- org.jboss:jboss-reflect:2.0.2.GA:jar:
  |--  |--  |--  |--  |--  |-- apache-xerces:xml-apis:2.9.1:jar:
  |--  |--  |--  |--  |--  |-- wutka-dtdparser:dtdparser121:1.2.1:jar:
  |--  |--  |--  |--  |--  |-- javax.activation:activation:1.1.1:jar:
  |--  |--  |--  |--  |--  |-- sun-jaxb:jaxb-api:2.1.9:jar:
  |--  |--  |--  |--  |--  |-- org.jboss:jboss-reflect:2.0.2.GA:jar:
  |--  |--  |--  |--  |--  |-- apache-xerces:xml-apis:2.9.1:jar:
  |--  |--  |--  |--  |--  |-- apache-xerces:xercesImpl:2.9.1:jar:
  |--  |--  |--  |--  |--  |-- wutka-dtdparser:dtdparser121:1.2.1:jar:
  |--  |--  |--  |--  |--  |-- javax.activation:activation:1.1.1:jar:
  |--  |--  |--  |--  |--  |-- sun-jaxb:jaxb-api:2.1.9:jar:
  |--  |--  |--  |--  |--  |-- org.jboss.logging:jboss-logging-spi:2.0.5.GA:jar:
  |--  |--  |--  |--  |--  |-- org.jboss:jboss-common-core:2.2.9.GA:jar:
  |--  |--  |--  |--  |--  |-- org.jboss:jboss-reflect:2.0.2.GA:jar:
  |--  |--  |--  |--  |--  |-- apache-xerces:xml-apis:2.9.1:jar:
  |--  |--  |--  |--  |--  |-- wutka-dtdparser:dtdparser121:1.2.1:jar:
  |--  |--  |--  |--  |--  |-- javax.activation:activation:1.1.1:jar:
  |--  |--  |--  |--  |--  |-- sun-jaxb:jaxb-api:2.1.9:jar:
  |--  |--  |--  |--  |--  |-- org.jboss.logging:jboss-logging-spi:2.0.5.GA:jar:
  |--  |--  |--  |--  |--  |-- org.jboss:jboss-common-core:2.2.9.GA:jar:
  |--  |--  |--  |--  |--  |-- org.jboss:jboss-reflect:2.0.2.GA:jar:
  |--  |--  |--  |--  |--  |-- apache-xerces:xml-apis:2.9.1:jar:
  |--  |--  |--  |--  |--  |-- wutka-dtdparser:dtdparser121:1.2.1:jar:
  |--  |--  |--  |--  |--  |-- javax.activation:activation:1.1.1:jar:
  |--  |--  |--  |--  |--  |-- sun-jaxb:jaxb-api:2.1.9:jar:
  |--  |--  |--  |--  |--  |-- apache-xerces:xml-apis:2.9.1:jar:
  |--  |--  |--  |--  |--  |-- apache-xerces:xercesImpl:2.9.1:jar:
  |--  |--  |--  |--  |--  |-- wutka-dtdparser:dtdparser121:1.2.1:jar:
  |--  |--  |--  |--  |--  |-- javax.activation:activation:1.1.1:jar:
  |--  |--  |--  |--  |--  |-- sun-jaxb:jaxb-api:2.1.9:jar:
  |--  |--  |--  |--  |--  |-- org.jboss:jboss-reflect:2.0.2.GA:jar:
  |--  |--  |--  |--  |--  |-- apache-xerces:xml-apis:2.9.1:jar:
  |--  |--  |--  |--  |--  |-- apache-xerces:xercesImpl:2.9.1:jar:
  |--  |--  |--  |--  |--  |-- wutka-dtdparser:dtdparser121:1.2.1:jar:
  |--  |--  |--  |--  |--  |-- javax.activation:activation:1.1.1:jar:
  |--  |--  |--  |--  |--  |-- sun-jaxb:jaxb-api:2.1.9:jar:
  |--  |--  |--  |--  |--  |-- apache-xerces:xml-apis:2.9.1:jar:
  |--  |--  |--  |--  |--  |-- apache-xerces:xercesImpl:2.9.1:jar:
  |--  |--  |--  |--  |--  |-- wutka-dtdparser:dtdparser121:1.2.1:jar:
  |--  |--  |--  |--  |--  |-- javax.activation:activation:1.1.1:jar:
  |--  |--  |--  |--  |--  |-- sun-jaxb:jaxb-api:2.1.9:jar:
  |--  |--  |--  |--  |--  |-- org.jboss:jboss-reflect:2.0.2.GA:jar:
  |--  |--  |--  |--  |--  |-- apache-xerces:xml-apis:2.9.1:jar:
  |--  |--  |--  |--  |--  |-- apache-xerces:xercesImpl:2.9.1:jar:
  |--  |--  |--  |--  |--  |-- wutka-dtdparser:dtdparser121:1.2.1:jar:
  |--  |--  |--  |--  |--  |-- javax.activation:activation:1.1.1:jar:
  |--  |--  |--  |--  |--  |-- sun-jaxb:jaxb-api:2.1.9:jar:
  |--  |--  |--  |--  |--  |-- apache-xerces:xml-apis:2.9.1:jar:
  |--  |--  |--  |--  |--  |-- apache-xerces:xercesImpl:2.9.1:jar:
  |--  |--  |--  |--  |--  |-- wutka-dtdparser:dtdparser121:1.2.1:jar:
  |--  |--  |--  |--  |--  |-- javax.activation:activation:1.1.1:jar:
  |--  |--  |--  |--  |--  |-- sun-jaxb:jaxb-api:2.1.9:jar:
  |--  |--  |--  |--  |--  |-- org.jboss.logging:jboss-logging-spi:2.0.5.GA:jar:
  |--  |--  |--  |--  |--  |-- org.jboss:jboss-common-core:2.2.9.GA:jar:
  |--  |--  |--  |--  |--  |-- org.jboss:jboss-reflect:2.0.2.GA:jar:
  |--  |--  |--  |--  |--  |-- apache-xerces:xml-apis:2.9.1:jar:
  |--  |--  |--  |--  |--  |-- wutka-dtdparser:dtdparser121:1.2.1:jar:
  |--  |--  |--  |--  |--  |-- javax.activation:activation:1.1.1:jar:
  |--  |--  |--  |--  |--  |-- sun-jaxb:jaxb-api:2.1.9:jar:
  |--  |--  |--  |--  |--  |-- org.jboss:jboss-reflect:2.0.2.GA:jar:
  |--  |--  |--  |--  |--  |-- apache-xerces:xml-apis:2.9.1:jar:
  |--  |--  |--  |--  |--  |-- apache-xerces:xercesImpl:2.9.1:jar:
  |--  |--  |--  |--  |--  |-- wutka-dtdparser:dtdparser121:1.2.1:jar:
  |--  |--  |--  |--  |--  |-- javax.activation:activation:1.1.1:jar:
  |--  |--  |--  |--  |--  |-- sun-jaxb:jaxb-api:2.1.9:jar:
  |--  |--  |--  |--  |--  |-- org.jboss.logging:jboss-logging-spi:2.0.5.GA:jar:
  |--  |--  |--  |--  |--  |-- org.jboss:jboss-common-core:2.2.9.GA:jar:
  |--  |--  |--  |--  |--  |-- org.jboss:jboss-reflect:2.0.2.GA:jar:
  |--  |--  |--  |--  |--  |-- apache-xerces:xml-apis:2.9.1:jar:
  |--  |--  |--  |--  |--  |-- wutka-dtdparser:dtdparser121:1.2.1:jar:
  |--  |--  |--  |--  |--  |-- javax.activation:activation:1.1.1:jar:
  |--  |--  |--  |--  |--  |-- sun-jaxb:jaxb-api:2.1.9:jar:
  |--  |--  |--  |--  |-- org.jboss.deployers:jboss-deployers-core-spi:2.0.7.GA:jar:
  |--  |--  |--  |--  |--  |-- org.jboss:jboss-common-core:2.2.13.GA:jar:
  |--  |--  |--  |--  |--  |-- org.jboss:jboss-common-core:2.2.13.GA:jar:
  |--  |--  |--  |--  |--  |-- org.jboss:jboss-common-core:2.2.13.GA:jar:
  |--  |--  |--  |--  |--  |-- org.jboss:jboss-common-core:2.2.13.GA:jar:
  |--  |--  |--  |--  |--  |-- org.jboss:jboss-common-core:2.2.13.GA:jar:
  |--  |--  |--  |--  |--  |-- org.jboss:jboss-common-core:2.2.13.GA:jar:
  |--  |--  |--  |--  |--  |-- org.jboss:jboss-common-core:2.2.13.GA:jar:
  |--  |--  |--  |--  |--  |-- org.jboss:jboss-common-core:2.2.13.GA:jar:
  |--  |--  |--  |--  |-- org.jboss.deployers:jboss-deployers-impl:2.0.7.GA:jar:
  |--  |--  |--  |--  |--  |-- org.jboss.deployers:jboss-deployers-spi:2.0.7.GA:jar:
  |--  |--  |--  |--  |--  |--  |-- org.jboss.deployers:jboss-deployers-structure-spi:2.0.7.GA:jar:
  |--  |--  |--  |--  |--  |--  |--  |-- org.jboss.deployers:jboss-deployers-client-spi:2.0.7.GA:jar:
  |--  |--  |--  |--  |--  |--  |--  |--  |-- org.jboss.deployers:jboss-deployers-core-spi:2.0.7.GA:jar:
  |--  |--  |--  |--  |--  |--  |--  |--  |-- org.jboss.man:jboss-managed:2.1.0.CR8:jar:
  |--  |--  |--  |--  |--  |--  |--  |--  |--  |-- org.jboss.man:jboss-metatype:2.1.0.CR8:jar:
  |--  |--  |--  |--  |--  |--  |--  |--  |--  |-- org.jboss:jboss-mdr:2.0.1.GA:jar:
  |--  |--  |--  |--  |--  |--  |--  |--  |--  |-- sun-jaxb:jaxb-api:2.1.4:jar:
  |--  |--  |--  |--  |--  |--  |--  |--  |--  |-- org.jboss.man:jboss-metatype:2.1.0.CR8:jar:
  |--  |--  |--  |--  |--  |--  |--  |--  |--  |-- org.jboss:jboss-mdr:2.0.1.GA:jar:
  |--  |--  |--  |--  |--  |--  |--  |--  |--  |-- sun-jaxb:jaxb-api:2.1.4:jar:
  |--  |--  |--  |--  |--  |--  |--  |--  |--  |-- org.jboss.man:jboss-metatype:2.1.0.CR8:jar:
  |--  |--  |--  |--  |--  |--  |--  |--  |--  |-- org.jboss:jboss-mdr:2.0.1.GA:jar:
  |--  |--  |--  |--  |--  |--  |--  |--  |--  |-- sun-jaxb:jaxb-api:2.1.4:jar:
  |--  |--  |--  |--  |--  |--  |--  |--  |--  |-- org.jboss.man:jboss-metatype:2.1.0.CR8:jar:
  |--  |--  |--  |--  |--  |--  |--  |--  |--  |-- org.jboss:jboss-mdr:2.0.1.GA:jar:
  |--  |--  |--  |--  |--  |--  |--  |--  |--  |-- sun-jaxb:jaxb-api:2.1.4:jar:
  |--  |--  |--  |--  |--  |--  |--  |--  |--  |-- org.jboss.man:jboss-metatype:2.1.0.CR8:jar:
  |--  |--  |--  |--  |--  |--  |--  |--  |--  |-- org.jboss:jboss-mdr:2.0.1.GA:jar:
  |--  |--  |--  |--  |--  |--  |--  |--  |--  |-- sun-jaxb:jaxb-api:2.1.4:jar:
  |--  |--  |--  |--  |--  |--  |--  |--  |--  |-- org.jboss.man:jboss-metatype:2.1.0.CR8:jar:
  |--  |--  |--  |--  |--  |--  |--  |--  |--  |-- org.jboss:jboss-mdr:2.0.1.GA:jar:
  |--  |--  |--  |--  |--  |--  |--  |--  |--  |-- sun-jaxb:jaxb-api:2.1.4:jar:
  |--  |--  |--  |--  |--  |--  |--  |--  |--  |-- org.jboss.man:jboss-metatype:2.1.0.CR8:jar:
  |--  |--  |--  |--  |--  |--  |--  |--  |--  |-- org.jboss:jboss-mdr:2.0.1.GA:jar:
  |--  |--  |--  |--  |--  |--  |--  |--  |--  |-- sun-jaxb:jaxb-api:2.1.4:jar:
  |--  |--  |--  |--  |--  |--  |--  |--  |--  |-- org.jboss.man:jboss-metatype:2.1.0.CR8:jar:
  |--  |--  |--  |--  |--  |--  |--  |--  |--  |-- org.jboss:jboss-mdr:2.0.1.GA:jar:
  |--  |--  |--  |--  |--  |--  |--  |--  |--  |-- sun-jaxb:jaxb-api:2.1.4:jar:
  |--  |--  |--  |--  |--  |--  |--  |--  |-- org.jboss.deployers:jboss-deployers-core-spi:2.0.7.GA:jar:
  |--  |--  |--  |--  |--  |--  |--  |--  |-- org.jboss.man:jboss-managed:2.1.0.CR8:jar:
  |--  |--  |--  |--  |--  |--  |--  |--  |-- org.jboss.deployers:jboss-deployers-core-spi:2.0.7.GA:jar:
  |--  |--  |--  |--  |--  |--  |--  |--  |-- org.jboss.man:jboss-managed:2.1.0.CR8:jar:
  |--  |--  |--  |--  |--  |--  |--  |--  |-- org.jboss.deployers:jboss-deployers-core-spi:2.0.7.GA:jar:
  |--  |--  |--  |--  |--  |--  |--  |--  |-- org.jboss.man:jboss-managed:2.1.0.CR8:jar:
  |--  |--  |--  |--  |--  |--  |--  |--  |-- org.jboss.deployers:jboss-deployers-core-spi:2.0.7.GA:jar:
  |--  |--  |--  |--  |--  |--  |--  |--  |-- org.jboss.man:jboss-managed:2.1.0.CR8:jar:
  |--  |--  |--  |--  |--  |--  |--  |--  |-- org.jboss.deployers:jboss-deployers-core-spi:2.0.7.GA:jar:
  |--  |--  |--  |--  |--  |--  |--  |--  |-- org.jboss.man:jboss-managed:2.1.0.CR8:jar:
  |--  |--  |--  |--  |--  |--  |--  |--  |-- org.jboss.deployers:jboss-deployers-core-spi:2.0.7.GA:jar:
  |--  |--  |--  |--  |--  |--  |--  |--  |-- org.jboss.man:jboss-managed:2.1.0.CR8:jar:
  |--  |--  |--  |--  |--  |--  |--  |--  |-- org.jboss.deployers:jboss-deployers-core-spi:2.0.7.GA:jar:
  |--  |--  |--  |--  |--  |--  |--  |--  |-- org.jboss.man:jboss-managed:2.1.0.CR8:jar:
  |--  |--  |--  |--  |--  |--  |--  |-- org.jboss.integration:jboss-classloading-spi:5.0.3.GA:jar:
  |--  |--  |--  |--  |--  |--  |--  |-- org.jboss.logging:jboss-logging-spi:2.0.5.GA:jar:
  |--  |--  |--  |--  |--  |--  |--  |-- org.jboss.deployers:jboss-deployers-client-spi:2.0.7.GA:jar:
  |--  |--  |--  |--  |--  |--  |--  |-- org.jboss.microcontainer:jboss-dependency:2.0.6.GA:jar:
  |--  |--  |--  |--  |--  |--  |--  |--  |-- org.jboss:jbossxb:2.0.1.GA:jar:
  |--  |--  |--  |--  |--  |--  |--  |--  |-- org.jboss:jboss-reflect:2.0.2.GA:jar:
  |--  |--  |--  |--  |--  |--  |--  |--  |-- org.jboss:jboss-mdr:2.0.1.GA:jar:
  |--  |--  |--  |--  |--  |--  |--  |--  |-- org.jboss:jbossxb:2.0.1.GA:jar:
  |--  |--  |--  |--  |--  |--  |--  |--  |-- org.jboss:jboss-reflect:2.0.2.GA:jar:
  |--  |--  |--  |--  |--  |--  |--  |--  |-- org.jboss:jboss-mdr:2.0.1.GA:jar:
  |--  |--  |--  |--  |--  |--  |--  |--  |-- org.jboss:jbossxb:2.0.1.GA:jar:
  |--  |--  |--  |--  |--  |--  |--  |--  |-- org.jboss:jboss-reflect:2.0.2.GA:jar:
  |--  |--  |--  |--  |--  |--  |--  |--  |-- org.jboss:jboss-mdr:2.0.1.GA:jar:
  |--  |--  |--  |--  |--  |--  |--  |--  |-- org.jboss:jbossxb:2.0.1.GA:jar:
  |--  |--  |--  |--  |--  |--  |--  |--  |-- org.jboss:jboss-reflect:2.0.2.GA:jar:
  |--  |--  |--  |--  |--  |--  |--  |--  |-- org.jboss:jboss-mdr:2.0.1.GA:jar:
  |--  |--  |--  |--  |--  |--  |--  |--  |-- org.jboss:jbossxb:2.0.1.GA:jar:
  |--  |--  |--  |--  |--  |--  |--  |--  |-- org.jboss:jboss-reflect:2.0.2.GA:jar:
  |--  |--  |--  |--  |--  |--  |--  |--  |-- org.jboss:jboss-mdr:2.0.1.GA:jar:
  |--  |--  |--  |--  |--  |--  |--  |--  |-- org.jboss:jbossxb:2.0.1.GA:jar:
  |--  |--  |--  |--  |--  |--  |--  |--  |-- org.jboss:jboss-reflect:2.0.2.GA:jar:
  |--  |--  |--  |--  |--  |--  |--  |--  |-- org.jboss:jboss-mdr:2.0.1.GA:jar:
  |--  |--  |--  |--  |--  |--  |--  |--  |-- org.jboss:jbossxb:2.0.1.GA:jar:
  |--  |--  |--  |--  |--  |--  |--  |--  |-- org.jboss:jboss-reflect:2.0.2.GA:jar:
  |--  |--  |--  |--  |--  |--  |--  |--  |-- org.jboss:jboss-mdr:2.0.1.GA:jar:
  |--  |--  |--  |--  |--  |--  |--  |--  |-- org.jboss:jbossxb:2.0.1.GA:jar:
  |--  |--  |--  |--  |--  |--  |--  |--  |-- org.jboss:jboss-reflect:2.0.2.GA:jar:
  |--  |--  |--  |--  |--  |--  |--  |--  |-- org.jboss:jboss-mdr:2.0.1.GA:jar:
  |--  |--  |--  |--  |--  |--  |--  |-- org.jboss.integration:jboss-classloading-spi:5.0.3.GA:jar:
  |--  |--  |--  |--  |--  |--  |--  |-- org.jboss.logging:jboss-logging-spi:2.0.5.GA:jar:
  |--  |--  |--  |--  |--  |--  |--  |-- org.jboss.deployers:jboss-deployers-client-spi:2.0.7.GA:jar:
  |--  |--  |--  |--  |--  |--  |--  |-- org.jboss.microcontainer:jboss-dependency:2.0.6.GA:jar:
  |--  |--  |--  |--  |--  |--  |--  |-- org.jboss.integration:jboss-classloading-spi:5.0.3.GA:jar:
  |--  |--  |--  |--  |--  |--  |--  |-- org.jboss.logging:jboss-logging-spi:2.0.5.GA:jar:
  |--  |--  |--  |--  |--  |--  |--  |-- org.jboss.deployers:jboss-deployers-client-spi:2.0.7.GA:jar:
  |--  |--  |--  |--  |--  |--  |--  |-- org.jboss.integration:jboss-classloading-spi:5.0.3.GA:jar:
  |--  |--  |--  |--  |--  |--  |--  |-- org.jboss.logging:jboss-logging-spi:2.0.5.GA:jar:
  |--  |--  |--  |--  |--  |--  |--  |-- org.jboss.deployers:jboss-deployers-client-spi:2.0.7.GA:jar:
  |--  |--  |--  |--  |--  |--  |--  |-- org.jboss.integration:jboss-classloading-spi:5.0.3.GA:jar:
  |--  |--  |--  |--  |--  |--  |--  |-- org.jboss.logging:jboss-logging-spi:2.0.5.GA:jar:
  |--  |--  |--  |--  |--  |--  |--  |-- org.jboss.deployers:jboss-deployers-client-spi:2.0.7.GA:jar:
  |--  |--  |--  |--  |--  |--  |--  |-- org.jboss.microcontainer:jboss-dependency:2.0.6.GA:jar:
  |--  |--  |--  |--  |--  |--  |--  |-- org.jboss.integration:jboss-classloading-spi:5.0.3.GA:jar:
  |--  |--  |--  |--  |--  |--  |--  |-- org.jboss.logging:jboss-logging-spi:2.0.5.GA:jar:
  |--  |--  |--  |--  |--  |--  |--  |-- org.jboss.deployers:jboss-deployers-client-spi:2.0.7.GA:jar:
  |--  |--  |--  |--  |--  |--  |--  |-- org.jboss.microcontainer:jboss-dependency:2.0.6.GA:jar:
  |--  |--  |--  |--  |--  |--  |--  |-- org.jboss.integration:jboss-classloading-spi:5.0.3.GA:jar:
  |--  |--  |--  |--  |--  |--  |--  |-- org.jboss.logging:jboss-logging-spi:2.0.5.GA:jar:
  |--  |--  |--  |--  |--  |--  |--  |-- org.jboss.deployers:jboss-deployers-client-spi:2.0.7.GA:jar:
  |--  |--  |--  |--  |--  |--  |--  |-- org.jboss.integration:jboss-classloading-spi:5.0.3.GA:jar:
  |--  |--  |--  |--  |--  |--  |--  |-- org.jboss.logging:jboss-logging-spi:2.0.5.GA:jar:
  |--  |--  |--  |--  |--  |--  |-- org.jboss.deployers:jboss-deployers-structure-spi:2.0.7.GA:jar:
  |--  |--  |--  |--  |--  |--  |-- org.jboss.deployers:jboss-deployers-structure-spi:2.0.7.GA:jar:
  |--  |--  |--  |--  |--  |--  |-- org.jboss.deployers:jboss-deployers-structure-spi:2.0.7.GA:jar:
  |--  |--  |--  |--  |--  |--  |-- org.jboss.deployers:jboss-deployers-structure-spi:2.0.7.GA:jar:
  |--  |--  |--  |--  |--  |--  |-- org.jboss.deployers:jboss-deployers-structure-spi:2.0.7.GA:jar:
  |--  |--  |--  |--  |--  |--  |-- org.jboss.deployers:jboss-deployers-structure-spi:2.0.7.GA:jar:
  |--  |--  |--  |--  |--  |--  |-- org.jboss.deployers:jboss-deployers-structure-spi:2.0.7.GA:jar:
  |--  |--  |--  |--  |--  |-- org.jboss.cl:jboss-classloading:2.0.6.GA:jar:
  |--  |--  |--  |--  |--  |--  |-- org.jboss.cl:jboss-classloader:2.0.6.GA:jar:
  |--  |--  |--  |--  |--  |--  |--  |-- org.jboss.integration:jboss-classloading-spi:5.0.3.GA:jar:
  |--  |--  |--  |--  |--  |--  |--  |-- org.jboss.integration:jboss-classloading-spi:5.0.3.GA:jar:
  |--  |--  |--  |--  |--  |--  |--  |-- org.jboss.integration:jboss-classloading-spi:5.0.3.GA:jar:
  |--  |--  |--  |--  |--  |--  |--  |-- org.jboss.integration:jboss-classloading-spi:5.0.3.GA:jar:
  |--  |--  |--  |--  |--  |--  |--  |-- org.jboss.integration:jboss-classloading-spi:5.0.3.GA:jar:
  |--  |--  |--  |--  |--  |--  |--  |-- org.jboss.integration:jboss-classloading-spi:5.0.3.GA:jar:
  |--  |--  |--  |--  |--  |--  |--  |-- org.jboss.integration:jboss-classloading-spi:5.0.3.GA:jar:
  |--  |--  |--  |--  |--  |--  |--  |-- org.jboss.integration:jboss-classloading-spi:5.0.3.GA:jar:
  |--  |--  |--  |--  |--  |--  |--  |-- org.jboss.integration:jboss-classloading-spi:5.0.3.GA:jar:
  |--  |--  |--  |--  |--  |--  |--  |-- org.jboss.integration:jboss-classloading-spi:5.0.3.GA:jar:
  |--  |--  |--  |--  |--  |--  |-- org.jboss.cl:jboss-classloader:2.0.6.GA:jar:
  |--  |--  |--  |--  |--  |--  |-- org.jboss.cl:jboss-classloader:2.0.6.GA:jar:
  |--  |--  |--  |--  |--  |--  |-- org.jboss.cl:jboss-classloader:2.0.6.GA:jar:
  |--  |--  |--  |--  |--  |--  |-- org.jboss.cl:jboss-classloader:2.0.6.GA:jar:
  |--  |--  |--  |--  |--  |--  |-- org.jboss.cl:jboss-classloader:2.0.6.GA:jar:
  |--  |--  |--  |--  |--  |--  |-- org.jboss.cl:jboss-classloader:2.0.6.GA:jar:
  |--  |--  |--  |--  |--  |--  |-- org.jboss.cl:jboss-classloader:2.0.6.GA:jar:
  |--  |--  |--  |--  |--  |--  |-- org.jboss.cl:jboss-classloader:2.0.6.GA:jar:
  |--  |--  |--  |--  |--  |--  |-- org.jboss.cl:jboss-classloader:2.0.6.GA:jar:
  |--  |--  |--  |--  |--  |-- org.jboss:jboss-mdr:2.0.1.GA:jar:
  |--  |--  |--  |--  |--  |-- org.jboss.microcontainer:jboss-kernel:2.0.6.GA:jar:
  |--  |--  |--  |--  |--  |--  |-- org.jboss.microcontainer:jboss-dependency:2.0.6.GA:jar:
  |--  |--  |--  |--  |--  |--  |-- org.jboss:jbossxb:2.0.1.GA:jar:
  |--  |--  |--  |--  |--  |--  |-- org.jboss.microcontainer:jboss-dependency:2.0.6.GA:jar:
  |--  |--  |--  |--  |--  |--  |-- org.jboss:jbossxb:2.0.1.GA:jar:
  |--  |--  |--  |--  |--  |--  |-- org.jboss.microcontainer:jboss-dependency:2.0.6.GA:jar:
  |--  |--  |--  |--  |--  |--  |-- org.jboss:jbossxb:2.0.1.GA:jar:
  |--  |--  |--  |--  |--  |--  |-- org.jboss.microcontainer:jboss-dependency:2.0.6.GA:jar:
  |--  |--  |--  |--  |--  |--  |-- org.jboss:jbossxb:2.0.1.GA:jar:
  |--  |--  |--  |--  |--  |--  |-- org.jboss.microcontainer:jboss-dependency:2.0.6.GA:jar:
  |--  |--  |--  |--  |--  |--  |-- org.jboss:jbossxb:2.0.1.GA:jar:
  |--  |--  |--  |--  |--  |--  |-- org.jboss.microcontainer:jboss-dependency:2.0.6.GA:jar:
  |--  |--  |--  |--  |--  |--  |-- org.jboss:jbossxb:2.0.1.GA:jar:
  |--  |--  |--  |--  |--  |-- javassist:javassist:3.10.0.GA:jar:
  |--  |--  |--  |--  |--  |-- org.jboss:jboss-mdr:2.0.1.GA:jar:
  |--  |--  |--  |--  |--  |-- javassist:javassist:3.10.0.GA:jar:
  |--  |--  |--  |--  |--  |-- org.jboss.deployers:jboss-deployers-spi:2.0.7.GA:jar:
  |--  |--  |--  |--  |--  |-- org.jboss.cl:jboss-classloading:2.0.6.GA:jar:
  |--  |--  |--  |--  |--  |-- org.jboss:jboss-mdr:2.0.1.GA:jar:
  |--  |--  |--  |--  |--  |-- org.jboss.microcontainer:jboss-kernel:2.0.6.GA:jar:
  |--  |--  |--  |--  |--  |-- javassist:javassist:3.10.0.GA:jar:
  |--  |--  |--  |--  |--  |-- org.jboss.deployers:jboss-deployers-spi:2.0.7.GA:jar:
  |--  |--  |--  |--  |--  |-- org.jboss.cl:jboss-classloading:2.0.6.GA:jar:
  |--  |--  |--  |--  |--  |-- org.jboss:jboss-mdr:2.0.1.GA:jar:
  |--  |--  |--  |--  |--  |-- org.jboss.microcontainer:jboss-kernel:2.0.6.GA:jar:
  |--  |--  |--  |--  |--  |-- javassist:javassist:3.10.0.GA:jar:
  |--  |--  |--  |--  |--  |-- org.jboss:jboss-mdr:2.0.1.GA:jar:
  |--  |--  |--  |--  |--  |-- javassist:javassist:3.10.0.GA:jar:
  |--  |--  |--  |--  |--  |-- org.jboss.deployers:jboss-deployers-spi:2.0.7.GA:jar:
  |--  |--  |--  |--  |--  |-- org.jboss.cl:jboss-classloading:2.0.6.GA:jar:
  |--  |--  |--  |--  |--  |-- org.jboss:jboss-mdr:2.0.1.GA:jar:
  |--  |--  |--  |--  |--  |-- org.jboss.microcontainer:jboss-kernel:2.0.6.GA:jar:
  |--  |--  |--  |--  |--  |-- javassist:javassist:3.10.0.GA:jar:
  |--  |--  |--  |--  |-- org.jboss.deployers:jboss-deployers-structure-spi:2.0.7.GA:jar:
  |--  |--  |--  |--  |-- org.jboss.deployers:jboss-deployers-vfs:2.0.7.GA:jar:
  |--  |--  |--  |--  |--  |-- org.jboss.deployers:jboss-deployers-vfs-spi:2.0.7.GA:jar:
  |--  |--  |--  |--  |--  |--  |-- org.jboss:jboss-vfs:2.1.2.GA:jar:
  |--  |--  |--  |--  |--  |--  |-- org.jboss.deployers:jboss-deployers-spi:2.0.7.GA:jar:
  |--  |--  |--  |--  |--  |--  |-- org.jboss.cl:jboss-classloading:2.0.6.GA:jar:
  |--  |--  |--  |--  |--  |--  |-- org.jboss:jbossxb:2.0.1.GA:jar:
  |--  |--  |--  |--  |--  |--  |-- stax:stax-api:1.0:jar:
  |--  |--  |--  |--  |--  |--  |-- org.jboss:jboss-vfs:2.1.2.GA:jar:
  |--  |--  |--  |--  |--  |--  |-- org.jboss.deployers:jboss-deployers-spi:2.0.7.GA:jar:
  |--  |--  |--  |--  |--  |--  |-- org.jboss.cl:jboss-classloading:2.0.6.GA:jar:
  |--  |--  |--  |--  |--  |--  |-- org.jboss:jbossxb:2.0.1.GA:jar:
  |--  |--  |--  |--  |--  |--  |-- stax:stax-api:1.0:jar:
  |--  |--  |--  |--  |--  |--  |-- org.jboss:jboss-vfs:2.1.2.GA:jar:
  |--  |--  |--  |--  |--  |--  |-- org.jboss.deployers:jboss-deployers-spi:2.0.7.GA:jar:
  |--  |--  |--  |--  |--  |--  |-- org.jboss.cl:jboss-classloading:2.0.6.GA:jar:
  |--  |--  |--  |--  |--  |--  |-- org.jboss:jbossxb:2.0.1.GA:jar:
  |--  |--  |--  |--  |--  |--  |-- stax:stax-api:1.0:jar:
  |--  |--  |--  |--  |--  |--  |-- org.jboss:jboss-vfs:2.1.2.GA:jar:
  |--  |--  |--  |--  |--  |--  |-- org.jboss.deployers:jboss-deployers-spi:2.0.7.GA:jar:
  |--  |--  |--  |--  |--  |--  |-- org.jboss.cl:jboss-classloading:2.0.6.GA:jar:
  |--  |--  |--  |--  |--  |--  |-- org.jboss:jbossxb:2.0.1.GA:jar:
  |--  |--  |--  |--  |--  |--  |-- stax:stax-api:1.0:jar:
  |--  |--  |--  |--  |--  |--  |-- org.jboss:jboss-vfs:2.1.2.GA:jar:
  |--  |--  |--  |--  |--  |--  |-- org.jboss.deployers:jboss-deployers-spi:2.0.7.GA:jar:
  |--  |--  |--  |--  |--  |--  |-- org.jboss.cl:jboss-classloading:2.0.6.GA:jar:
  |--  |--  |--  |--  |--  |--  |-- org.jboss:jbossxb:2.0.1.GA:jar:
  |--  |--  |--  |--  |--  |--  |-- stax:stax-api:1.0:jar:
  |--  |--  |--  |--  |--  |--  |-- org.jboss:jboss-vfs:2.1.2.GA:jar:
  |--  |--  |--  |--  |--  |--  |-- org.jboss.deployers:jboss-deployers-spi:2.0.7.GA:jar:
  |--  |--  |--  |--  |--  |--  |-- org.jboss.cl:jboss-classloading:2.0.6.GA:jar:
  |--  |--  |--  |--  |--  |--  |-- org.jboss:jbossxb:2.0.1.GA:jar:
  |--  |--  |--  |--  |--  |--  |-- stax:stax-api:1.0:jar:
  |--  |--  |--  |--  |--  |-- org.jboss.microcontainer:jboss-kernel:2.0.6.GA:jar:
  |--  |--  |--  |--  |--  |-- org.jboss.cl:jboss-classloading-vfs:2.0.6.GA:jar:
  |--  |--  |--  |--  |--  |--  |-- org.jboss:jboss-common-core:2.2.13.GA:jar:
  |--  |--  |--  |--  |--  |--  |-- org.jboss.logging:jboss-logging-spi:2.0.5.GA:jar:
  |--  |--  |--  |--  |--  |--  |-- org.jboss:jboss-common-core:2.2.13.GA:jar:
  |--  |--  |--  |--  |--  |--  |-- org.jboss.logging:jboss-logging-spi:2.0.5.GA:jar:
  |--  |--  |--  |--  |--  |-- org.jboss.deployers:jboss-deployers-core:2.0.7.GA:jar:
  |--  |--  |--  |--  |--  |-- org.jboss.deployers:jboss-deployers-client:2.0.7.GA:jar:
  |--  |--  |--  |--  |--  |-- org.jboss.deployers:jboss-deployers-impl:2.0.7.GA:jar:
  |--  |--  |--  |--  |--  |-- org.jboss.deployers:jboss-deployers-vfs-spi:2.0.7.GA:jar:
  |--  |--  |--  |--  |--  |-- org.jboss.microcontainer:jboss-kernel:2.0.6.GA:jar:
  |--  |--  |--  |--  |--  |-- org.jboss.cl:jboss-classloading-vfs:2.0.6.GA:jar:
  |--  |--  |--  |--  |--  |-- org.jboss.deployers:jboss-deployers-core:2.0.7.GA:jar:
  |--  |--  |--  |--  |--  |-- org.jboss.deployers:jboss-deployers-client:2.0.7.GA:jar:
  |--  |--  |--  |--  |--  |-- org.jboss.deployers:jboss-deployers-impl:2.0.7.GA:jar:
  |--  |--  |--  |--  |-- org.jboss.deployers:jboss-deployers-vfs-spi:2.0.7.GA:jar:
  |--  |--  |--  |--  |-- org.jboss.jbossas:jboss-as-j2se:5.1.0.GA:jar:
  |--  |--  |--  |--  |-- org.jboss.bootstrap:jboss-bootstrap:1.0.0-Beta-3:jar:
  |--  |--  |--  |--  |--  |-- org.jboss.man:jboss-managed:2.0.0.GA:jar:
  |--  |--  |--  |--  |--  |--  |-- org.jboss.man:jboss-metatype:2.0.0.GA:jar:
  |--  |--  |--  |--  |--  |--  |--  |-- org.jboss:jboss-reflect:2.0.1.GA:jar:
  |--  |--  |--  |--  |--  |--  |--  |-- org.jboss.logging:jboss-logging-spi:2.0.5.GA:jar:
  |--  |--  |--  |--  |--  |--  |--  |-- org.jboss:jboss-common-core:2.2.9.GA:jar:
  |--  |--  |--  |--  |--  |--  |--  |-- org.jboss:jboss-reflect:2.0.1.GA:jar:
  |--  |--  |--  |--  |--  |--  |--  |-- org.jboss.logging:jboss-logging-spi:2.0.5.GA:jar:
  |--  |--  |--  |--  |--  |--  |--  |-- org.jboss:jboss-common-core:2.2.9.GA:jar:
  |--  |--  |--  |--  |--  |--  |-- org.jboss:jboss-mdr:2.0.1.GA:jar:
  |--  |--  |--  |--  |--  |--  |-- sun-jaxb:jaxb-api:2.1.4:jar:
  |--  |--  |--  |--  |--  |--  |-- org.jboss.man:jboss-metatype:2.0.0.GA:jar:
  |--  |--  |--  |--  |--  |--  |-- org.jboss:jboss-mdr:2.0.1.GA:jar:
  |--  |--  |--  |--  |--  |--  |-- sun-jaxb:jaxb-api:2.1.4:jar:
  |--  |--  |--  |--  |--  |-- org.jboss.microcontainer:jboss-kernel:2.0.4.GA:jar:
  |--  |--  |--  |--  |--  |--  |-- org.jboss.microcontainer:jboss-dependency:2.0.4.GA:jar:
  |--  |--  |--  |--  |--  |--  |--  |-- org.jboss:jbossxb:2.0.0.GA:jar:
  |--  |--  |--  |--  |--  |--  |--  |--  |-- org.jboss.logging:jboss-logging-spi:2.0.5.GA:jar:
  |--  |--  |--  |--  |--  |--  |--  |--  |-- org.jboss:jboss-common-core:2.2.8.GA:jar:
  |--  |--  |--  |--  |--  |--  |--  |--  |-- org.jboss:jboss-reflect:2.0.0.GA:jar:
  |--  |--  |--  |--  |--  |--  |--  |--  |-- apache-xerces:xml-apis:2.9.1:jar:
  |--  |--  |--  |--  |--  |--  |--  |--  |-- apache-xerces:xercesImpl:2.9.1:jar:
  |--  |--  |--  |--  |--  |--  |--  |--  |-- wutka-dtdparser:dtdparser121:1.2.1:jar:
  |--  |--  |--  |--  |--  |--  |--  |--  |-- javax.activation:activation:1.1.1:jar:
  |--  |--  |--  |--  |--  |--  |--  |--  |-- sun-jaxb:jaxb-api:2.1.4:jar:
  |--  |--  |--  |--  |--  |--  |--  |--  |-- org.jboss.logging:jboss-logging-spi:2.0.5.GA:jar:
  |--  |--  |--  |--  |--  |--  |--  |--  |-- org.jboss:jboss-common-core:2.2.8.GA:jar:
  |--  |--  |--  |--  |--  |--  |--  |--  |-- org.jboss:jboss-reflect:2.0.0.GA:jar:
  |--  |--  |--  |--  |--  |--  |--  |--  |-- apache-xerces:xml-apis:2.9.1:jar:
  |--  |--  |--  |--  |--  |--  |--  |--  |-- apache-xerces:xercesImpl:2.9.1:jar:
  |--  |--  |--  |--  |--  |--  |--  |--  |-- wutka-dtdparser:dtdparser121:1.2.1:jar:
  |--  |--  |--  |--  |--  |--  |--  |--  |-- javax.activation:activation:1.1.1:jar:
  |--  |--  |--  |--  |--  |--  |--  |--  |-- sun-jaxb:jaxb-api:2.1.4:jar:
  |--  |--  |--  |--  |--  |--  |--  |-- org.jboss:jboss-reflect:2.0.2.GA:jar:
  |--  |--  |--  |--  |--  |--  |--  |-- org.jboss:jboss-mdr:2.0.1.GA:jar:
  |--  |--  |--  |--  |--  |--  |--  |-- org.jboss.logging:jboss-logging-spi:2.0.5.GA:jar:
  |--  |--  |--  |--  |--  |--  |--  |-- org.jboss:jboss-common-core:2.2.10.GA:jar:
  |--  |--  |--  |--  |--  |--  |--  |--  |-- org.jboss.logging:jboss-logging-spi:2.0.5.GA:jar:
  |--  |--  |--  |--  |--  |--  |--  |--  |-- org.jboss.logging:jboss-logging-spi:2.0.5.GA:jar:
  |--  |--  |--  |--  |--  |--  |--  |-- org.jboss:jbossxb:2.0.0.GA:jar:
  |--  |--  |--  |--  |--  |--  |--  |-- org.jboss:jboss-reflect:2.0.2.GA:jar:
  |--  |--  |--  |--  |--  |--  |--  |-- org.jboss:jboss-mdr:2.0.1.GA:jar:
  |--  |--  |--  |--  |--  |--  |--  |-- org.jboss.logging:jboss-logging-spi:2.0.5.GA:jar:
  |--  |--  |--  |--  |--  |--  |--  |-- org.jboss:jboss-common-core:2.2.10.GA:jar:
  |--  |--  |--  |--  |--  |--  |-- org.jboss:jbossxb:2.0.0.GA:jar:
  |--  |--  |--  |--  |--  |--  |-- org.jboss.microcontainer:jboss-dependency:2.0.4.GA:jar:
  |--  |--  |--  |--  |--  |--  |-- org.jboss:jbossxb:2.0.0.GA:jar:
  |--  |--  |--  |--  |--  |-- org.jboss.man:jboss-managed:2.0.0.GA:jar:
  |--  |--  |--  |--  |--  |-- org.jboss.microcontainer:jboss-kernel:2.0.4.GA:jar:
  |--  |--  |--  |--  |-- org.jboss.jbossas:jboss-as-system:5.1.0.GA:jar:
  |--  |--  |--  |--  |--  |-- org.jboss.deployers:jboss-deployers-vfs-spi:2.0.7.GA:jar:
  |--  |--  |--  |--  |--  |-- org.jboss.aop:jboss-aop:2.1.1.GA:jar:
  |--  |--  |--  |--  |--  |-- org.jboss:jbossxb:2.0.1.GA:jar:
  |--  |--  |--  |--  |--  |-- org.jboss.logging:jboss-logging-spi:2.1.0.GA:jar:
  |--  |--  |--  |--  |--  |-- org.jboss.integration:jboss-profileservice-spi:5.1.0.GA:jar:
  |--  |--  |--  |--  |--  |--  |-- org.jboss:jboss-common-core:2.2.14.GA:jar:
  |--  |--  |--  |--  |--  |--  |-- org.jboss.man:jboss-managed:2.1.0.SP1:jar:
  |--  |--  |--  |--  |--  |--  |--  |-- org.jboss.man:jboss-metatype:2.1.0.SP1:jar:
  |--  |--  |--  |--  |--  |--  |--  |--  |-- org.jboss:jboss-reflect:2.0.2.GA:jar:
  |--  |--  |--  |--  |--  |--  |--  |--  |-- org.jboss.logging:jboss-logging-spi:2.0.5.GA:jar:
  |--  |--  |--  |--  |--  |--  |--  |--  |-- org.jboss:jboss-common-core:2.2.10.GA:jar:
  |--  |--  |--  |--  |--  |--  |--  |--  |-- org.jboss:jboss-reflect:2.0.2.GA:jar:
  |--  |--  |--  |--  |--  |--  |--  |--  |-- org.jboss.logging:jboss-logging-spi:2.0.5.GA:jar:
  |--  |--  |--  |--  |--  |--  |--  |--  |-- org.jboss:jboss-common-core:2.2.10.GA:jar:
  |--  |--  |--  |--  |--  |--  |--  |-- org.jboss:jboss-mdr:2.0.1.GA:jar:
  |--  |--  |--  |--  |--  |--  |--  |-- sun-jaxb:jaxb-api:2.1.4:jar:
  |--  |--  |--  |--  |--  |--  |--  |-- org.jboss.man:jboss-metatype:2.1.0.SP1:jar:
  |--  |--  |--  |--  |--  |--  |--  |-- org.jboss:jboss-mdr:2.0.1.GA:jar:
  |--  |--  |--  |--  |--  |--  |--  |-- sun-jaxb:jaxb-api:2.1.4:jar:
  |--  |--  |--  |--  |--  |--  |-- org.jboss.man:jboss-metatype:2.1.0.SP1:jar:
  |--  |--  |--  |--  |--  |--  |-- org.jboss:jboss-vfs:2.1.2.GA:jar:
  |--  |--  |--  |--  |--  |--  |-- org.jboss.microcontainer:jboss-dependency:2.0.6.GA:jar:
  |--  |--  |--  |--  |--  |--  |-- org.jboss:jboss-common-core:2.2.14.GA:jar:
  |--  |--  |--  |--  |--  |--  |-- org.jboss.man:jboss-managed:2.1.0.SP1:jar:
  |--  |--  |--  |--  |--  |--  |-- org.jboss.man:jboss-metatype:2.1.0.SP1:jar:
  |--  |--  |--  |--  |--  |--  |-- org.jboss:jboss-vfs:2.1.2.GA:jar:
  |--  |--  |--  |--  |--  |--  |-- org.jboss.microcontainer:jboss-dependency:2.0.6.GA:jar:
  |--  |--  |--  |--  |--  |-- org.jboss.man:jboss-managed:2.1.0.SP1:jar:
  |--  |--  |--  |--  |--  |-- org.jboss.man:jboss-metatype:2.1.0.SP1:jar:
  |--  |--  |--  |--  |--  |-- org.jboss.microcontainer:jboss-dependency:2.0.6.GA:jar:
  |--  |--  |--  |--  |--  |-- org.jboss.deployers:jboss-deployers-client-spi:2.0.7.GA:jar:
  |--  |--  |--  |--  |--  |-- org.jboss.deployers:jboss-deployers-core-spi:2.0.7.GA:jar:
  |--  |--  |--  |--  |--  |-- org.jboss.deployers:jboss-deployers-structure-spi:2.0.7.GA:jar:
  |--  |--  |--  |--  |--  |-- org.jboss.deployers:jboss-deployers-vfs:2.0.7.GA:jar:
  |--  |--  |--  |--  |--  |-- org.jboss.microcontainer:jboss-kernel:2.0.6.GA:jar:
  |--  |--  |--  |--  |--  |-- org.jboss.deployers:jboss-deployers-impl:2.0.7.GA:jar:
  |--  |--  |--  |--  |--  |-- org.jboss.microcontainer:jboss-aop-mc-int:2.0.6.GA:jar:
  |--  |--  |--  |--  |--  |--  |-- org.jboss.microcontainer:jboss-kernel:2.0.6.GA:jar:
  |--  |--  |--  |--  |--  |--  |-- javassist:javassist:3.10.0.GA:jar:
  |--  |--  |--  |--  |--  |--  |-- org.jboss.microcontainer:jboss-kernel:2.0.6.GA:jar:
  |--  |--  |--  |--  |--  |--  |-- javassist:javassist:3.10.0.GA:jar:
  |--  |--  |--  |--  |--  |-- org.jboss.bootstrap:jboss-bootstrap:1.0.0-Beta-3:jar:
  |--  |--  |--  |--  |--  |-- org.jboss:jboss-vfs:2.1.2.GA:jar:
  |--  |--  |--  |--  |--  |-- org.jboss:jboss-common-core:2.2.14.GA:jar:
  |--  |--  |--  |--  |--  |-- org.jboss.deployers:jboss-deployers-vfs-spi:2.0.7.GA:jar:
  |--  |--  |--  |--  |--  |-- org.jboss.aop:jboss-aop:2.1.1.GA:jar:
  |--  |--  |--  |--  |--  |-- org.jboss:jbossxb:2.0.1.GA:jar:
  |--  |--  |--  |--  |--  |-- org.jboss.logging:jboss-logging-spi:2.1.0.GA:jar:
  |--  |--  |--  |--  |--  |-- org.jboss.integration:jboss-profileservice-spi:5.1.0.GA:jar:
  |--  |--  |--  |--  |--  |-- org.jboss.man:jboss-managed:2.1.0.SP1:jar:
  |--  |--  |--  |--  |--  |-- org.jboss.man:jboss-metatype:2.1.0.SP1:jar:
  |--  |--  |--  |--  |--  |-- org.jboss.microcontainer:jboss-dependency:2.0.6.GA:jar:
  |--  |--  |--  |--  |--  |-- org.jboss.deployers:jboss-deployers-client-spi:2.0.7.GA:jar:
  |--  |--  |--  |--  |--  |-- org.jboss.deployers:jboss-deployers-core-spi:2.0.7.GA:jar:
  |--  |--  |--  |--  |--  |-- org.jboss.deployers:jboss-deployers-structure-spi:2.0.7.GA:jar:
  |--  |--  |--  |--  |--  |-- org.jboss.deployers:jboss-deployers-vfs:2.0.7.GA:jar:
  |--  |--  |--  |--  |--  |-- org.jboss.microcontainer:jboss-kernel:2.0.6.GA:jar:
  |--  |--  |--  |--  |--  |-- org.jboss.deployers:jboss-deployers-impl:2.0.7.GA:jar:
  |--  |--  |--  |--  |--  |-- org.jboss.microcontainer:jboss-aop-mc-int:2.0.6.GA:jar:
  |--  |--  |--  |--  |--  |-- org.jboss.bootstrap:jboss-bootstrap:1.0.0-Beta-3:jar:
  |--  |--  |--  |--  |--  |-- org.jboss:jboss-vfs:2.1.2.GA:jar:
  |--  |--  |--  |--  |--  |-- org.jboss:jboss-common-core:2.2.14.GA:jar:
  |--  |--  |--  |--  |-- org.jboss.jbossas:jboss-as-jmx:5.1.0.GA:jar:
  |--  |--  |--  |--  |--  |-- oswego-concurrent:concurrent:1.3.4-jboss-update1:jar:
  |--  |--  |--  |--  |--  |-- org.jboss.logging:jboss-logging-spi:2.1.0.GA:jar:
  |--  |--  |--  |--  |--  |-- org.jboss:jboss-common-core:2.2.14.GA:jar:
  |--  |--  |--  |--  |--  |-- org.jboss.integration:jboss-classloading-spi:5.1.0.GA:jar:
  |--  |--  |--  |--  |--  |-- org.jboss.jbossas:jboss-as-j2se:5.1.0.GA:jar:
  |--  |--  |--  |--  |--  |-- org.jboss.jbossas:jboss-as-j2se:5.1.0.GA:test-jar:
  |--  |--  |--  |--  |--  |--  |-- org.jboss:jboss-common-core:2.2.14.GA:jar:
  |--  |--  |--  |--  |--  |--  |-- oswego-concurrent:concurrent:1.3.4-jboss-update1:jar:
  |--  |--  |--  |--  |--  |--  |-- org.jboss.integration:jboss-classloading-spi:5.1.0.GA:jar:
  |--  |--  |--  |--  |--  |--  |-- org.jboss.logging:jboss-logging-spi:2.1.0.GA:jar:
  |--  |--  |--  |--  |--  |--  |-- apache-xerces:xml-apis:2.9.1:jar:
  |--  |--  |--  |--  |--  |--  |-- org.jboss:jboss-common-core:2.2.14.GA:jar:
  |--  |--  |--  |--  |--  |--  |-- oswego-concurrent:concurrent:1.3.4-jboss-update1:jar:
  |--  |--  |--  |--  |--  |--  |-- org.jboss.integration:jboss-classloading-spi:5.1.0.GA:jar:
  |--  |--  |--  |--  |--  |--  |-- org.jboss.logging:jboss-logging-spi:2.1.0.GA:jar:
  |--  |--  |--  |--  |--  |--  |-- apache-xerces:xml-apis:2.9.1:jar:
  |--  |--  |--  |--  |--  |-- org.jboss.jbossas:jboss-as-mbeans:5.1.0.GA:jar:
  |--  |--  |--  |--  |--  |--  |-- apache-xerces:xml-apis:2.9.1:jar:
  |--  |--  |--  |--  |--  |--  |-- dom4j:dom4j:1.6.1:jar:
  |--  |--  |--  |--  |--  |--  |-- org.jboss:jbossxb:2.0.1.GA:jar:
  |--  |--  |--  |--  |--  |--  |-- org.jboss.jbossas:jboss-as-j2se:5.1.0.GA:jar:
  |--  |--  |--  |--  |--  |--  |-- bcel:bcel:5.1:jar:
  |--  |--  |--  |--  |--  |--  |-- org.jboss:jboss-common-core:2.2.14.GA:jar:
  |--  |--  |--  |--  |--  |--  |-- org.jboss.logging:jboss-logging-spi:2.1.0.GA:jar:
  |--  |--  |--  |--  |--  |--  |-- org.jboss.test:jboss-test:1.1.4.GA:jar:
  |--  |--  |--  |--  |--  |--  |--  |-- org.apache.ant:ant:1.7.0:jar:
  |--  |--  |--  |--  |--  |--  |--  |-- org.apache.ant:ant-junit:1.7.0:jar:
  |--  |--  |--  |--  |--  |--  |--  |--  |-- org.apache.ant:ant:1.7.0:jar:
  |--  |--  |--  |--  |--  |--  |--  |--  |-- junit:junit:3.8.2:jar:
  |--  |--  |--  |--  |--  |--  |--  |--  |-- org.apache.ant:ant:1.7.0:jar:
  |--  |--  |--  |--  |--  |--  |--  |--  |-- junit:junit:3.8.2:jar:
  |--  |--  |--  |--  |--  |--  |--  |-- org.jboss.logging:jboss-logging-spi:2.0.5.GA:jar:
  |--  |--  |--  |--  |--  |--  |--  |-- org.jboss.logging:jboss-logging-log4j:2.0.5.GA:jar:
  |--  |--  |--  |--  |--  |--  |--  |-- org.jboss:jboss-common-core:2.2.7.GA:jar:
  |--  |--  |--  |--  |--  |--  |--  |--  |-- org.jboss.logging:jboss-logging-spi:2.0.5.GA:jar:
  |--  |--  |--  |--  |--  |--  |--  |--  |-- org.jboss.logging:jboss-logging-spi:2.0.5.GA:jar:
  |--  |--  |--  |--  |--  |--  |--  |-- jboss.profiler.jvmti:jboss-profiler-jvmti:1.0.0.CR5:jar:
  |--  |--  |--  |--  |--  |--  |--  |-- junit:junit:3.8.1:jar:
  |--  |--  |--  |--  |--  |--  |--  |-- log4j:log4j:1.2.14:jar:
  |--  |--  |--  |--  |--  |--  |--  |-- org.jboss.jbossas:jboss-server-manager:1.0.2.GA:jar:
  |--  |--  |--  |--  |--  |--  |--  |--  |-- org.jboss.naming:jnp-client:5.0.1.GA:jar:
  |--  |--  |--  |--  |--  |--  |--  |--  |--  |-- org.jboss:jboss-common-core:2.2.10.GA:jar:
  |--  |--  |--  |--  |--  |--  |--  |--  |--  |-- org.jboss.logging:jboss-logging-spi:2.0.5.GA:jar:
  |--  |--  |--  |--  |--  |--  |--  |--  |--  |-- org.jboss:jboss-common-core:2.2.10.GA:jar:
  |--  |--  |--  |--  |--  |--  |--  |--  |--  |-- org.jboss.logging:jboss-logging-spi:2.0.5.GA:jar:
  |--  |--  |--  |--  |--  |--  |--  |--  |-- org.jboss.security:jbosssx-client:2.0.3.SP1:jar:
  |--  |--  |--  |--  |--  |--  |--  |--  |-- org.jboss.security:jboss-security-spi:2.0.3.SP1:jar:
  |--  |--  |--  |--  |--  |--  |--  |--  |-- org.jboss.logging:jboss-logging-spi:2.0.5.GA:jar:
  |--  |--  |--  |--  |--  |--  |--  |--  |-- org.jboss.naming:jnp-client:5.0.1.GA:jar:
  |--  |--  |--  |--  |--  |--  |--  |--  |-- org.jboss.security:jbosssx-client:2.0.3.SP1:jar:
  |--  |--  |--  |--  |--  |--  |--  |--  |-- org.jboss.security:jboss-security-spi:2.0.3.SP1:jar:
  |--  |--  |--  |--  |--  |--  |--  |--  |-- org.jboss.logging:jboss-logging-spi:2.0.5.GA:jar:
  |--  |--  |--  |--  |--  |--  |--  |-- org.apache.ant:ant:1.7.0:jar:
  |--  |--  |--  |--  |--  |--  |--  |-- org.apache.ant:ant-junit:1.7.0:jar:
  |--  |--  |--  |--  |--  |--  |--  |-- org.jboss.logging:jboss-logging-spi:2.0.5.GA:jar:
  |--  |--  |--  |--  |--  |--  |--  |-- org.jboss.logging:jboss-logging-log4j:2.0.5.GA:jar:
  |--  |--  |--  |--  |--  |--  |--  |-- org.jboss:jboss-common-core:2.2.7.GA:jar:
  |--  |--  |--  |--  |--  |--  |--  |-- jboss.profiler.jvmti:jboss-profiler-jvmti:1.0.0.CR5:jar:
  |--  |--  |--  |--  |--  |--  |--  |-- junit:junit:3.8.1:jar:
  |--  |--  |--  |--  |--  |--  |--  |-- log4j:log4j:1.2.14:jar:
  |--  |--  |--  |--  |--  |--  |--  |-- org.jboss.jbossas:jboss-server-manager:1.0.2.GA:jar:
  |--  |--  |--  |--  |--  |--  |-- apache-xerces:xml-apis:2.9.1:jar:
  |--  |--  |--  |--  |--  |--  |-- dom4j:dom4j:1.6.1:jar:
  |--  |--  |--  |--  |--  |--  |-- org.jboss:jbossxb:2.0.1.GA:jar:
  |--  |--  |--  |--  |--  |--  |-- org.jboss.jbossas:jboss-as-j2se:5.1.0.GA:jar:
  |--  |--  |--  |--  |--  |--  |-- bcel:bcel:5.1:jar:
  |--  |--  |--  |--  |--  |--  |-- org.jboss:jboss-common-core:2.2.14.GA:jar:
  |--  |--  |--  |--  |--  |--  |-- org.jboss.logging:jboss-logging-spi:2.1.0.GA:jar:
  |--  |--  |--  |--  |--  |--  |-- org.jboss.test:jboss-test:1.1.4.GA:jar:
  |--  |--  |--  |--  |--  |-- junit:junit:3.8.2:jar:
  |--  |--  |--  |--  |--  |-- oswego-concurrent:concurrent:1.3.4-jboss-update1:jar:
  |--  |--  |--  |--  |--  |-- org.jboss.logging:jboss-logging-spi:2.1.0.GA:jar:
  |--  |--  |--  |--  |--  |-- org.jboss:jboss-common-core:2.2.14.GA:jar:
  |--  |--  |--  |--  |--  |-- org.jboss.integration:jboss-classloading-spi:5.1.0.GA:jar:
  |--  |--  |--  |--  |--  |-- org.jboss.jbossas:jboss-as-j2se:5.1.0.GA:jar:
  |--  |--  |--  |--  |--  |-- org.jboss.jbossas:jboss-as-j2se:5.1.0.GA:test-jar:
  |--  |--  |--  |--  |--  |-- org.jboss.jbossas:jboss-as-mbeans:5.1.0.GA:jar:
  |--  |--  |--  |--  |--  |-- junit:junit:3.8.2:jar:
  |--  |--  |--  |--  |-- org.jboss.microcontainer:jboss-dependency:2.0.6.GA:jar:
  |--  |--  |--  |--  |-- org.jboss.microcontainer:jboss-kernel:2.0.6.GA:jar:
  |--  |--  |--  |--  |-- apache-xerces:xml-apis:2.9.1:jar:
  |--  |--  |--  |--  |-- org.jboss.logging:jboss-logging-spi:2.1.0.GA:jar:
  |--  |--  |--  |--  |-- org.jboss:jboss-common-core:2.2.14.GA:jar:
  |--  |--  |--  |--  |-- org.jboss:jboss-vfs:2.1.2.GA:jar:
  |--  |--  |--  |--  |-- org.jboss:jbossxb:2.0.1.GA:jar:
  |--  |--  |--  |--  |-- org.jboss.deployers:jboss-deployers-core-spi:2.0.7.GA:jar:
  |--  |--  |--  |--  |-- org.jboss.deployers:jboss-deployers-impl:2.0.7.GA:jar:
  |--  |--  |--  |--  |-- org.jboss.deployers:jboss-deployers-structure-spi:2.0.7.GA:jar:
  |--  |--  |--  |--  |-- org.jboss.deployers:jboss-deployers-vfs:2.0.7.GA:jar:
  |--  |--  |--  |--  |-- org.jboss.deployers:jboss-deployers-vfs-spi:2.0.7.GA:jar:
  |--  |--  |--  |--  |-- org.jboss.jbossas:jboss-as-j2se:5.1.0.GA:jar:
  |--  |--  |--  |--  |-- org.jboss.bootstrap:jboss-bootstrap:1.0.0-Beta-3:jar:
  |--  |--  |--  |--  |-- org.jboss.jbossas:jboss-as-system:5.1.0.GA:jar:
  |--  |--  |--  |--  |-- org.jboss.jbossas:jboss-as-jmx:5.1.0.GA:jar:
  |--  |--  |--  |--  |-- org.jboss.microcontainer:jboss-dependency:2.0.6.GA:jar:
  |--  |--  |--  |--  |-- org.jboss.microcontainer:jboss-kernel:2.0.6.GA:jar:
  |--  |--  |--  |-- org.jboss.javaee:jboss-ejb-api:3.0.0.GA:jar:
  |--  |--  |--  |--  |-- org.jboss.javaee:jboss-transaction-api:1.0.1.GA:jar:
  |--  |--  |--  |--  |-- org.jboss.ws.native:jbossws-native-jaxrpc:3.0.4.GA:jar:
  |--  |--  |--  |--  |--  |-- org.jboss.ws.native:jbossws-native-saaj:3.0.4.GA:jar:
  |--  |--  |--  |--  |--  |--  |-- javax.activation:activation:1.1:jar:
  |--  |--  |--  |--  |--  |--  |-- javax.activation:activation:1.1:jar:
  |--  |--  |--  |--  |--  |-- org.jboss.ws.native:jbossws-native-saaj:3.0.4.GA:jar:
  |--  |--  |--  |--  |-- org.jboss.javaee:jboss-transaction-api:1.0.1.GA:jar:
  |--  |--  |--  |--  |-- org.jboss.ws.native:jbossws-native-jaxrpc:3.0.4.GA:jar:
  |--  |--  |--  |-- org.jboss.javaee:jboss-jacc-api:1.1.0.GA_SP1:jar:
  |--  |--  |--  |--  |-- org.jboss:jboss-common-core:2.2.8.GA:jar:
  |--  |--  |--  |--  |-- jboss.web:servlet-api:2.1.1.GA:jar:
  |--  |--  |--  |--  |-- org.jboss:jboss-common-core:2.2.8.GA:jar:
  |--  |--  |--  |--  |-- jboss.web:servlet-api:2.1.1.GA:jar:
  |--  |--  |--  |-- org.jboss.jbossas:jboss-as-j2se:5.1.0.GA:jar:
  |--  |--  |--  |-- org.jboss.naming:jnp-client:5.0.3.GA:jar:
  |--  |--  |--  |--  |-- org.jboss:jboss-common-core:2.2.10.GA:jar:
  |--  |--  |--  |--  |-- org.jboss.logging:jboss-logging-spi:2.0.5.GA:jar:
  |--  |--  |--  |--  |-- org.jboss:jboss-common-core:2.2.10.GA:jar:
  |--  |--  |--  |--  |-- org.jboss.logging:jboss-logging-spi:2.0.5.GA:jar:
  |--  |--  |--  |-- javax.security:jaas:1.0.01:jar:
  |--  |--  |--  |-- org.jboss.javaee:jboss-jaspi-api:1.0.0.GA:jar:
  |--  |--  |--  |-- org.jboss.security:jbosssx-client:2.0.3.SP1:jar:
  |--  |--  |--  |-- org.jboss.security:jbossxacml:2.0.3:jar:
  |--  |--  |--  |-- org.jboss:jboss-mdr:2.0.1.GA:jar:
  |--  |--  |--  |-- org.apache:xmlsec:1.4.2:jar:
  |--  |--  |--  |-- javassist:javassist:3.9.0.GA:jar:
  |--  |--  |--  |-- org.jboss.security:jboss-security-spi:2.0.3.SP1:jar:
  |--  |--  |--  |-- org.jboss.security:jbosssx:2.0.3.SP1:jar:
  |--  |--  |--  |-- org.jboss:jboss-common-core:2.2.14.GA:jar:
  |--  |--  |--  |-- org.jboss.jbossas:jboss-as-system-jmx:5.1.0.GA:jar:
  |--  |--  |--  |-- org.jboss.javaee:jboss-ejb-api:3.0.0.GA:jar:
  |--  |--  |--  |-- org.jboss.javaee:jboss-jacc-api:1.1.0.GA_SP1:jar:
  |--  |--  |--  |-- org.jboss.jbossas:jboss-as-j2se:5.1.0.GA:jar:
  |--  |--  |--  |-- org.jboss.naming:jnp-client:5.0.3.GA:jar:
  |--  |--  |--  |-- javax.security:jaas:1.0.01:jar:
  |--  |--  |--  |-- org.jboss.javaee:jboss-jaspi-api:1.0.0.GA:jar:
  |--  |--  |--  |-- org.jboss.security:jbosssx-client:2.0.3.SP1:jar:
  |--  |--  |--  |-- org.jboss.security:jbossxacml:2.0.3:jar:
  |--  |--  |--  |-- org.jboss:jboss-mdr:2.0.1.GA:jar:
  |--  |--  |--  |-- org.apache:xmlsec:1.4.2:jar:
  |--  |--  |-- org.jboss.security:jboss-security-spi:2.0.3.SP1:jar:
  |--  |--  |-- org.jboss.aop:jboss-aop:2.1.1.GA:jar:
  |--  |--  |-- org.jboss.logging:jboss-logging-spi:2.1.0.GA:jar:
  |--  |--  |-- junit:junit:3.8.2:jar:
  |--  |--  |-- org.jboss.jbossas:jboss-as-j2se:5.1.0.GA:jar:
  |--  |--  |-- org.jboss.jbossas:jboss-as-security:5.1.0.GA:jar:
  |--  |--  |-- org.jboss.security:jboss-security-spi:2.0.3.SP1:jar:
  |--  |-- commons-logging:commons-logging:1.1:jar:
  |--  |-- org.nuxeo.common:nuxeo-common:5.4.3-SNAPSHOT:jar:
  |--  |-- org.nuxeo.runtime:nuxeo-runtime:5.4.3-SNAPSHOT:jar:
  |--  |-- org.osgi:osgi-core:4.1:jar:
  |--  |-- org.jboss.jbossas:jboss-as-jbossas-remoting:5.1.0.GA:jar:
  |--  |-- commons-logging:commons-logging:1.1:jar:
  |-- org.nuxeo.runtime:nuxeo-runtime-scripting:5.4.3-SNAPSHOT:jar:
  |--  |-- org.nuxeo.common:nuxeo-common:5.4.3-SNAPSHOT:jar:
  |--  |-- org.nuxeo.runtime:nuxeo-runtime:5.4.3-SNAPSHOT:jar:
  |--  |-- org.nuxeo.runtime:nuxeo-runtime-remoting:5.4.3-SNAPSHOT:jar:
  |--  |-- javax.script:script-api:1.0:jar:
  |--  |-- commons-jexl:commons-jexl:1.1:jar:
  |--  |-- javax.script:jexl-engine:1.0:jar:
  |--  |-- rhino:js:1.7R1:jar:
  |--  |-- javax.script:js-engine:1.0:jar:
  |--  |-- org.jruby:jruby:1.0.3:jar:
  |--  |--  |-- asm:asm:2.2.3:jar:
  |--  |--  |-- asm:asm-commons:2.2.3:jar:
  |--  |--  |--  |-- asm:asm-tree:2.2.3:jar:
  |--  |--  |--  |--  |-- asm:asm:2.2.3:jar:
  |--  |--  |--  |--  |-- asm:asm:2.2.3:jar:
  |--  |--  |--  |-- asm:asm-tree:2.2.3:jar:
  |--  |--  |-- asm:asm:2.2.3:jar:
  |--  |--  |-- asm:asm-commons:2.2.3:jar:
  |--  |-- javax.script:jruby-engine:1.0:jar:
  |--  |-- backport-util-concurrent:backport-util-concurrent:3.1:jar:
  |--  |-- asm:asm:2.2.3:jar:
  |--  |-- org.python:jython:2.2.1:jar:
  |--  |-- javax.script:jython-engine:1.0:jar:
  |--  |-- bsh:bsh:2.0b1:jar:
  |--  |-- javax.script:bsh-engine:1.0:jar:
  |--  |-- org.codehaus.groovy:groovy-all:1.5.7:jar:
  |--  |--  |-- junit:junit:3.8.2:jar:
  |--  |--  |-- org.apache.ant:ant:1.7.0:jar:
  |--  |--  |-- org.apache.ant:ant-launcher:1.7.0:jar:
  |--  |--  |-- jline:jline:0.9.94:jar:
  |--  |--  |--  |-- junit:junit:3.8.1:jar:
  |--  |--  |--  |-- junit:junit:3.8.1:jar:
  |--  |--  |-- junit:junit:3.8.2:jar:
  |--  |--  |-- org.apache.ant:ant:1.7.0:jar:
  |--  |--  |-- org.apache.ant:ant-launcher:1.7.0:jar:
  |--  |--  |-- jline:jline:0.9.94:jar:
  |--  |-- javax.script:groovy-engine:1.0:jar:
  |--  |-- antlr:antlr:2.7.7:jar:
  |--  |-- commons-logging:commons-logging:1.1:jar:
  |--  |-- org.nuxeo.common:nuxeo-common:5.4.3-SNAPSHOT:jar:
  |--  |-- org.nuxeo.runtime:nuxeo-runtime:5.4.3-SNAPSHOT:jar:
  |--  |-- org.nuxeo.runtime:nuxeo-runtime-remoting:5.4.3-SNAPSHOT:jar:
  |--  |-- javax.script:script-api:1.0:jar:
  |--  |-- commons-jexl:commons-jexl:1.1:jar:
  |--  |-- javax.script:jexl-engine:1.0:jar:
  |--  |-- rhino:js:1.7R1:jar:
  |--  |-- javax.script:js-engine:1.0:jar:
  |--  |-- org.jruby:jruby:1.0.3:jar:
  |--  |-- javax.script:jruby-engine:1.0:jar:
  |--  |-- backport-util-concurrent:backport-util-concurrent:3.1:jar:
  |--  |-- asm:asm:2.2.3:jar:
  |--  |-- org.python:jython:2.2.1:jar:
  |--  |-- javax.script:jython-engine:1.0:jar:
  |--  |-- bsh:bsh:2.0b1:jar:
  |--  |-- javax.script:bsh-engine:1.0:jar:
  |--  |-- org.codehaus.groovy:groovy-all:1.5.7:jar:
  |--  |-- javax.script:groovy-engine:1.0:jar:
  |--  |-- antlr:antlr:2.7.7:jar:
  |--  |-- commons-logging:commons-logging:1.1:jar:
  |-- org.nuxeo.runtime:nuxeo-runtime-launcher:5.4.3-SNAPSHOT:jar:
  |--  |-- commons-logging:commons-logging:1.1:jar:
  |-- org.nuxeo.ecm.core:nuxeo-core-query:5.4.3-SNAPSHOT:jar:
  |--  |-- org.nuxeo.ecm.core:nuxeo-core-api:5.4.3-SNAPSHOT:jar:
  |--  |--  |-- org.nuxeo.common:nuxeo-common:5.4.3-SNAPSHOT:jar:
  |--  |--  |-- org.nuxeo.runtime:nuxeo-runtime:5.4.3-SNAPSHOT:jar:
  |--  |--  |-- org.nuxeo.ecm.core:nuxeo-core-schema:5.4.3-SNAPSHOT:jar:
  |--  |--  |--  |-- org.nuxeo.common:nuxeo-common:5.4.3-SNAPSHOT:jar:
  |--  |--  |--  |-- org.nuxeo.runtime:nuxeo-runtime:5.4.3-SNAPSHOT:jar:
  |--  |--  |--  |-- com.sun.xml:xsom:20060306:jar:
  |--  |--  |--  |-- com.sun.xml:relaxngDatatype:1.0:jar:
  |--  |--  |--  |-- commons-logging:commons-logging:1.1:jar:
  |--  |--  |-- dom4j:dom4j:1.6.1:jar:
  |--  |--  |-- commons-collections:commons-collections:3.1:jar:
  |--  |--  |-- commons-logging:commons-logging:1.1:jar:
  |--  |-- org.nuxeo.common:nuxeo-common:5.4.3-SNAPSHOT:jar:
  |--  |-- cup:java-cup:0.11a:jar:
  |--  |-- joda-time:joda-time:1.6:jar:
  |--  |-- commons-logging:commons-logging:1.1:jar:
  |-- org.nuxeo.ecm.core:nuxeo-core-io:5.4.3-SNAPSHOT:jar:
  |--  |-- org.nuxeo.common:nuxeo-common:5.4.3-SNAPSHOT:jar:
  |--  |-- org.nuxeo.runtime:nuxeo-runtime:5.4.3-SNAPSHOT:jar:
  |--  |-- org.nuxeo.ecm.core:nuxeo-core-api:5.4.3-SNAPSHOT:jar:
  |--  |-- org.nuxeo.ecm.core:nuxeo-core-schema:5.4.3-SNAPSHOT:jar:
  |--  |-- dom4j:dom4j:1.6.1:jar:
  |--  |-- commons-logging:commons-logging:1.1:jar:
  |-- org.nuxeo.ecm.core:nuxeo-core-schema:5.4.3-SNAPSHOT:jar:
  |-- org.nuxeo.ecm.core:nuxeo-core-api:5.4.3-SNAPSHOT:jar:
  |-- org.nuxeo.ecm.core:nuxeo-core-client:5.4.3-SNAPSHOT:jar:
  |--  |-- org.nuxeo.common:nuxeo-common:5.4.3-SNAPSHOT:jar:
  |--  |-- org.nuxeo.runtime:nuxeo-runtime:5.4.3-SNAPSHOT:jar:
  |--  |-- org.nuxeo.runtime:nuxeo-runtime-remoting:5.4.3-SNAPSHOT:jar:
  |--  |-- org.nuxeo.ecm.core:nuxeo-core-api:5.4.3-SNAPSHOT:jar:
  |--  |-- org.nuxeo.ecm.core:nuxeo-core-schema:5.4.3-SNAPSHOT:jar:
  |--  |-- org.nuxeo.runtime:nuxeo-runtime-osgi:5.4.3-SNAPSHOT:jar:
  |--  |-- org.osgi:osgi-core:4.1:jar:
  |--  |-- commons-logging:commons-logging:1.1:jar:
  |-- org.codehaus.groovy:groovy-all:1.5.7:jar:
  |-- org.nuxeo.shell:nuxeo-shell-ejb-core:5.4.3-SNAPSHOT:jar:
  |--  |-- org.nuxeo.common:nuxeo-common:5.4.3-SNAPSHOT:jar:
  |--  |-- org.nuxeo.runtime:nuxeo-runtime:5.4.3-SNAPSHOT:jar:
  |--  |-- org.nuxeo.runtime:nuxeo-runtime-osgi:5.4.3-SNAPSHOT:jar:
  |--  |-- org.nuxeo.runtime:nuxeo-runtime-scripting:5.4.3-SNAPSHOT:jar:
  |--  |-- org.nuxeo.runtime:nuxeo-runtime-jtajca:5.4.3-SNAPSHOT:jar:
  |--  |--  |-- org.osgi:osgi-core:4.1:jar:
  |--  |--  |-- org.nuxeo.runtime:nuxeo-runtime:5.4.3-SNAPSHOT:jar:
  |--  |--  |-- commons-beanutils:commons-beanutils:1.6:jar:
  |--  |--  |-- javax.resource:connector-api:1.5:jar:
  |--  |--  |-- org.apache.geronimo.components:geronimo-connector:2.1.3-NX1:jar:
  |--  |--  |--  |-- org.slf4j:slf4j-api:1.4.3:jar:
  |--  |--  |--  |-- org.apache.geronimo.components:geronimo-transaction:2.1.3-NX1:jar:
  |--  |--  |--  |--  |-- org.slf4j:slf4j-api:1.4.3:jar:
  |--  |--  |--  |--  |-- org.apache.geronimo.specs:geronimo-jta_1.1_spec:1.1.1:jar:
  |--  |--  |--  |--  |-- org.apache.geronimo.specs:geronimo-j2ee-connector_1.5_spec:2.0.0:jar:
  |--  |--  |--  |--  |-- org.objectweb.howl:howl:1.0.1-1:jar:
  |--  |--  |--  |-- org.apache.geronimo.specs:geronimo-j2ee-connector_1.5_spec:2.0.0:jar:
  |--  |--  |-- org.apache.geronimo.components:geronimo-transaction:2.1.3:jar:
  |--  |--  |--  |-- org.slf4j:slf4j-api:1.4.3:jar:
  |--  |--  |--  |-- org.apache.geronimo.specs:geronimo-jta_1.1_spec:1.1.1:jar:
  |--  |--  |--  |-- org.apache.geronimo.specs:geronimo-j2ee-connector_1.5_spec:2.0.0:jar:
  |--  |--  |--  |-- org.objectweb.howl:howl:1.0.1-1:jar:
  |--  |--  |-- org.apache.geronimo.specs:geronimo-jta_1.1_spec:1.1.1:jar:
  |--  |--  |-- commons-logging:commons-logging:1.1:jar:
  |--  |-- org.nuxeo.ecm.core:nuxeo-core-client:5.4.3-SNAPSHOT:jar:
  |--  |-- org.nuxeo.ecm.core:nuxeo-core-api:5.4.3-SNAPSHOT:jar:
  |--  |-- org.nuxeo.ecm.core:nuxeo-core-schema:5.4.3-SNAPSHOT:jar:
  |--  |-- org.nuxeo.ecm.core:nuxeo-core-query:5.4.3-SNAPSHOT:jar:
  |--  |-- org.nuxeo.ecm.core:nuxeo-core-io:5.4.3-SNAPSHOT:jar:
  |--  |-- org.nuxeo.ecm.platform:nuxeo-platform-search-api:5.4.3-SNAPSHOT:jar:
  |--  |--  |-- org.nuxeo.ecm.core:nuxeo-core-api:5.4.3-SNAPSHOT:jar:
  |--  |--  |-- org.nuxeo.ecm.core:nuxeo-core:5.4.3-SNAPSHOT:jar:
  |--  |--  |--  |-- org.nuxeo.common:nuxeo-common:5.4.3-SNAPSHOT:jar:
  |--  |--  |--  |-- org.nuxeo.runtime:nuxeo-runtime:5.4.3-SNAPSHOT:jar:
  |--  |--  |--  |-- org.nuxeo.ecm.core:nuxeo-core-api:5.4.3-SNAPSHOT:jar:
  |--  |--  |--  |-- org.nuxeo.ecm.core:nuxeo-core-query:5.4.3-SNAPSHOT:jar:
  |--  |--  |--  |-- org.nuxeo.ecm.core:nuxeo-core-schema:5.4.3-SNAPSHOT:jar:
  |--  |--  |--  |-- org.nuxeo.ecm.core:nuxeo-core-event:5.4.3-SNAPSHOT:jar:
  |--  |--  |--  |--  |-- org.nuxeo.ecm.core:nuxeo-core-api:5.4.3-SNAPSHOT:jar:
  |--  |--  |--  |--  |-- org.nuxeo.ecm.core:nuxeo-core-schema:5.4.3-SNAPSHOT:jar:
  |--  |--  |--  |--  |-- org.nuxeo.runtime:nuxeo-runtime:5.4.3-SNAPSHOT:jar:
  |--  |--  |--  |--  |-- org.nuxeo.common:nuxeo-common:5.4.3-SNAPSHOT:jar:
  |--  |--  |--  |--  |-- org.nuxeo.runtime:nuxeo-runtime-management:5.4.3-SNAPSHOT:jar:
  |--  |--  |--  |--  |--  |-- org.nuxeo.common:nuxeo-common:5.4.3-SNAPSHOT:jar:
  |--  |--  |--  |--  |--  |-- org.nuxeo.runtime:nuxeo-runtime:5.4.3-SNAPSHOT:jar:
  |--  |--  |--  |--  |--  |-- commons-lang:commons-lang:2.3:jar:
  |--  |--  |--  |--  |--  |-- org.javasimon:javasimon-core:2.5.0:jar:
  |--  |--  |--  |--  |--  |--  |-- stax:stax-api:1.0.1:jar:
  |--  |--  |--  |--  |--  |--  |-- org.mvel:mvel2:2.0.19:jar:
  |--  |--  |--  |--  |--  |-- org.javasimon:javasimon-jmx:2.5.0:jar:
  |--  |--  |--  |--  |--  |--  |-- org.javasimon:javasimon-core:2.5.0:jar:
  |--  |--  |--  |--  |--  |--  |-- org.javasimon:javasimon-jdbc3:2.5.0:jar:
  |--  |--  |--  |--  |--  |--  |--  |-- org.javasimon:javasimon-core:2.5.0:jar:
  |--  |--  |--  |--  |--  |-- com.thoughtworks.xstream:xstream:1.3.1:jar:
  |--  |--  |--  |--  |--  |-- org.osgi:osgi-core:4.1:jar:
  |--  |--  |--  |--  |--  |-- commons-logging:commons-logging:1.1:jar:
  |--  |--  |--  |--  |-- org.osgi:osgi-core:4.1:jar:
  |--  |--  |--  |--  |-- javax.transaction:jta:1.1:jar:
  |--  |--  |--  |--  |-- javax.script:script-api:1.0:jar:
  |--  |--  |--  |--  |-- commons-lang:commons-lang:2.3:jar:
  |--  |--  |--  |--  |-- commons-logging:commons-logging:1.1:jar:
  |--  |--  |--  |-- org.osgi:osgi-core:4.1:jar:
  |--  |--  |--  |-- javax.transaction:jta:1.1:jar:
  |--  |--  |--  |-- xerces:xercesImpl:2.9.1:jar:
  |--  |--  |--  |-- commons-lang:commons-lang:2.3:jar:
  |--  |--  |--  |-- commons-logging:commons-logging:1.1:jar:
  |--  |--  |-- org.nuxeo.ecm.core:nuxeo-core-query:5.4.3-SNAPSHOT:jar:
  |--  |--  |-- org.nuxeo.ecm.core:nuxeo-core-schema:5.4.3-SNAPSHOT:jar:
  |--  |--  |-- org.nuxeo.common:nuxeo-common:5.4.3-SNAPSHOT:jar:
  |--  |--  |-- org.nuxeo.runtime:nuxeo-runtime:5.4.3-SNAPSHOT:jar:
  |--  |--  |-- commons-logging:commons-logging:1.1:jar:
  |--  |-- org.nuxeo.ecm.platform:nuxeo-platform-directory-api:5.4.3-SNAPSHOT:jar:
  |--  |--  |-- org.nuxeo.ecm.core:nuxeo-core-api:5.4.3-SNAPSHOT:jar:
  |--  |--  |-- org.nuxeo.common:nuxeo-common:5.4.3-SNAPSHOT:jar:
  |--  |--  |-- org.nuxeo.runtime:nuxeo-runtime:5.4.3-SNAPSHOT:jar:
  |--  |--  |-- commons-logging:commons-logging:1.1:jar:
  |--  |-- org.nuxeo.ecm.platform:nuxeo-platform-login:5.4.3-SNAPSHOT:jar:
  |--  |--  |-- org.nuxeo.ecm.core:nuxeo-core-api:5.4.3-SNAPSHOT:jar:
  |--  |--  |-- org.nuxeo.ecm.platform:nuxeo-platform-api:5.4.3-SNAPSHOT:jar:
  |--  |--  |--  |-- org.nuxeo.ecm.core:nuxeo-core-api:5.4.3-SNAPSHOT:jar:
  |--  |--  |--  |-- org.nuxeo.common:nuxeo-common:5.4.3-SNAPSHOT:jar:
  |--  |--  |--  |-- org.nuxeo.runtime:nuxeo-runtime:5.4.3-SNAPSHOT:jar:
  |--  |--  |--  |-- commons-logging:commons-logging:1.1:jar:
  |--  |--  |-- org.nuxeo.ecm.platform:nuxeo-platform-usermanager-api:5.4.3-SNAPSHOT:jar:
  |--  |--  |--  |-- commons-collections:commons-collections:3.1:jar:
  |--  |--  |--  |-- commons-lang:commons-lang:2.3:jar:
  |--  |--  |--  |-- org.nuxeo.ecm.core:nuxeo-core-api:5.4.3-SNAPSHOT:jar:
  |--  |--  |--  |-- org.nuxeo.ecm.platform:nuxeo-platform-query-api:5.4.3-SNAPSHOT:jar:
  |--  |--  |--  |--  |-- org.nuxeo.ecm.core:nuxeo-core-api:5.4.3-SNAPSHOT:jar:
  |--  |--  |--  |--  |-- org.nuxeo.ecm.platform:nuxeo-platform-search-api:5.4.3-SNAPSHOT:jar:
  |--  |--  |--  |--  |-- commons-lang:commons-lang:2.3:jar:
  |--  |--  |--  |--  |-- org.nuxeo.common:nuxeo-common:5.4.3-SNAPSHOT:jar:
  |--  |--  |--  |--  |-- org.nuxeo.runtime:nuxeo-runtime:5.4.3-SNAPSHOT:jar:
  |--  |--  |--  |--  |-- commons-logging:commons-logging:1.1:jar:
  |--  |--  |--  |-- org.nuxeo.ecm.platform:nuxeo-platform-directory-api:5.4.3-SNAPSHOT:jar:
  |--  |--  |--  |-- org.nuxeo.common:nuxeo-common:5.4.3-SNAPSHOT:jar:
  |--  |--  |--  |-- org.nuxeo.runtime:nuxeo-runtime:5.4.3-SNAPSHOT:jar:
  |--  |--  |--  |-- commons-logging:commons-logging:1.1:jar:
  |--  |--  |-- org.nuxeo.common:nuxeo-common:5.4.3-SNAPSHOT:jar:
  |--  |--  |-- org.nuxeo.runtime:nuxeo-runtime:5.4.3-SNAPSHOT:jar:
  |--  |--  |-- commons-logging:commons-logging:1.1:jar:
  |--  |-- jline:jline:0.9.94:jar:
  |--  |-- net.sf.opencsv:opencsv:2.1:jar:
  |--  |-- javax.ejb:ejb-api:3.0:jar:
  |--  |-- commons-logging:commons-logging:1.1:jar:
  |-- org.nuxeo.shell:nuxeo-shell-ejb-servlet:5.4.3-SNAPSHOT:jar:
  |--  |-- org.nuxeo.runtime:nuxeo-runtime-launcher:5.4.3-SNAPSHOT:jar:
  |--  |-- org.nuxeo.runtime:nuxeo-runtime-osgi:5.4.3-SNAPSHOT:jar:
  |--  |-- org.nuxeo.ecm.core:nuxeo-core-client:5.4.3-SNAPSHOT:jar:
  |--  |-- javax.servlet:servlet-api:2.4:jar:
  |--  |-- org.nuxeo.common:nuxeo-common:5.4.3-SNAPSHOT:jar:
  |--  |-- org.nuxeo.runtime:nuxeo-runtime:5.4.3-SNAPSHOT:jar:
  |--  |-- commons-logging:commons-logging:1.1:jar:
  |-- org.nuxeo.shell:nuxeo-shell-ejb-servlet-handlers:5.4.3-SNAPSHOT:jar:
  |--  |-- org.nuxeo.ecm.core:nuxeo-core-api:5.4.3-SNAPSHOT:jar:
  |--  |-- org.nuxeo.shell:nuxeo-shell-ejb-servlet:5.4.3-SNAPSHOT:jar:
  |--  |-- org.nuxeo.ecm.core:nuxeo-core-client:5.4.3-SNAPSHOT:jar:
  |--  |-- javax.servlet:servlet-api:2.4:jar:
  |--  |-- org.nuxeo.ecm.core:nuxeo-core-storage-sql:5.4.3-SNAPSHOT:jar:
  |--  |--  |-- org.nuxeo.common:nuxeo-common:5.4.3-SNAPSHOT:jar:
  |--  |--  |-- org.nuxeo.runtime:nuxeo-runtime:5.4.3-SNAPSHOT:jar:
  |--  |--  |-- org.nuxeo.ecm.core:nuxeo-core-schema:5.4.3-SNAPSHOT:jar:
  |--  |--  |-- org.nuxeo.ecm.core:nuxeo-core-api:5.4.3-SNAPSHOT:jar:
  |--  |--  |-- org.nuxeo.ecm.core:nuxeo-core-query:5.4.3-SNAPSHOT:jar:
  |--  |--  |-- org.nuxeo.ecm.core:nuxeo-core:5.4.3-SNAPSHOT:jar:
  |--  |--  |-- org.nuxeo.ecm.core:nuxeo-core-event:5.4.3-SNAPSHOT:jar:
  |--  |--  |-- org.nuxeo.ecm.core:nuxeo-core-convert-api:5.4.3-SNAPSHOT:jar:
  |--  |--  |--  |-- org.nuxeo.ecm.core:nuxeo-core-api:5.4.3-SNAPSHOT:jar:
  |--  |--  |--  |-- commons-logging:commons-logging:1.1:jar:
  |--  |--  |-- org.osgi:osgi-core:4.1:jar:
  |--  |--  |-- commons-collections:commons-collections:3.1:jar:
  |--  |--  |-- commons-beanutils:commons-beanutils:1.6:jar:
  |--  |--  |-- commons-httpclient:commons-httpclient:3.1:jar:
  |--  |--  |--  |-- commons-logging:commons-logging:1.0.4:jar:
  |--  |--  |--  |-- commons-codec:commons-codec:1.2:jar:
  |--  |--  |-- commons-io:commons-io:1.4:jar:
  |--  |--  |-- javax.resource:connector-api:1.5:jar:
  |--  |--  |-- org.apache.lucene:lucene-core:2.3.2:jar:
  |--  |--  |-- org.mortbay.jetty:jetty:6.1.14:jar:
  |--  |--  |--  |-- org.mortbay.jetty:jetty-util:6.1.14:jar:
  |--  |--  |-- org.mortbay.jetty:jetty-util:6.1.14:jar:
  |--  |--  |-- org.slf4j:slf4j-api:1.6.0:jar:
  |--  |--  |-- org.slf4j:slf4j-log4j12:1.6.0:jar:
  |--  |--  |--  |-- org.slf4j:slf4j-api:1.6.0:jar:
  |--  |--  |--  |-- log4j:log4j:1.2.14:jar:
  |--  |--  |-- org.apache.lucene:lucene-analyzers:2.3.2:jar:
  |--  |--  |--  |-- org.apache.lucene:lucene-core:2.3.2:jar:
  |--  |--  |-- commons-logging:commons-logging:1.1:jar:
  |--  |-- org.nuxeo.ecm.core:nuxeo-core-storage-sql-ra:5.4.3-SNAPSHOT:jar:
  |--  |--  |-- org.nuxeo.common:nuxeo-common:5.4.3-SNAPSHOT:jar:
  |--  |--  |-- org.nuxeo.runtime:nuxeo-runtime:5.4.3-SNAPSHOT:jar:
  |--  |--  |-- org.nuxeo.ecm.core:nuxeo-core-storage-sql:5.4.3-SNAPSHOT:jar:
  |--  |--  |-- org.nuxeo.ecm.core:nuxeo-core-api:5.4.3-SNAPSHOT:jar:
  |--  |--  |-- org.nuxeo.ecm.core:nuxeo-core:5.4.3-SNAPSHOT:jar:
  |--  |--  |-- org.nuxeo.ecm.core:nuxeo-core-schema:5.4.3-SNAPSHOT:jar:
  |--  |--  |-- org.nuxeo.ecm.core:nuxeo-core-query:5.4.3-SNAPSHOT:jar:
  |--  |--  |-- javax.resource:connector-api:1.5:jar:
  |--  |--  |-- org.apache.geronimo.components:geronimo-connector:2.1.3-NX1:jar:
  |--  |--  |-- org.apache.geronimo.specs:geronimo-jta_1.1_spec:1.1.1:jar:
  |--  |--  |-- org.osgi:osgi-core:4.1:jar:
  |--  |--  |-- commons-logging:commons-logging:1.1:jar:
  |--  |-- org.nuxeo.common:nuxeo-common:5.4.3-SNAPSHOT:jar:
  |--  |-- org.nuxeo.runtime:nuxeo-runtime:5.4.3-SNAPSHOT:jar:
  |--  |-- commons-logging:commons-logging:1.1:jar:
  |-- org.nuxeo.ecm.platform:nuxeo-platform-audit-api:5.4.3-SNAPSHOT:jar:
  |--  |-- org.nuxeo.ecm.core:nuxeo-core-api:5.4.3-SNAPSHOT:jar:
  |--  |-- org.nuxeo.ecm.core:nuxeo-core-event:5.4.3-SNAPSHOT:jar:
  |--  |-- org.nuxeo.ecm.platform:nuxeo-platform-query-api:5.4.3-SNAPSHOT:jar:
  |--  |-- org.nuxeo.ecm.platform:nuxeo-platform-api:5.4.3-SNAPSHOT:jar:
  |--  |-- commons-lang:commons-lang:2.3:jar:
  |--  |-- org.nuxeo.common:nuxeo-common:5.4.3-SNAPSHOT:jar:
  |--  |-- org.nuxeo.runtime:nuxeo-runtime:5.4.3-SNAPSHOT:jar:
  |--  |-- commons-logging:commons-logging:1.1:jar:
  |-- org.nuxeo.ecm.platform:nuxeo-platform-search-api:5.4.3-SNAPSHOT:jar:
  |-- org.osgi:osgi-core:4.1:jar:
  |-- jline:jline:0.9.94:jar:
  |-- log4j:log4j:1.2.16:jar:
  |-- dom4j:dom4j:1.6.1:jar:
  |-- commons-io:commons-io:1.4:jar:
  |-- com.sun.xml:xsom:20060306:jar:
  |-- xerces:xercesImpl:2.9.1:jar:
  |-- org.nuxeo.common:nuxeo-common:5.4.3-SNAPSHOT:jar:
  |-- org.nuxeo.runtime:nuxeo-runtime:5.4.3-SNAPSHOT:jar:
  |-- commons-logging:commons-logging:1.1:jar:
